<?xml version="1.0" encoding="UTF-8"?>
<coverage generated="1651132990765" clover="3.2.0">
  <project timestamp="1651132990765" name="All files">
    <metrics statements="409" coveredstatements="212" conditionals="198" coveredconditionals="44" methods="96" coveredmethods="47" elements="703" coveredelements="303" complexity="0" loc="409" ncloc="409" packages="5" files="16" classes="16"/>
    <package name="lib">
      <metrics statements="239" coveredstatements="98" conditionals="148" coveredconditionals="29" methods="41" coveredmethods="20"/>
      <file name="SchemaForm.tsx" path="/Users/n-feng/Documents/nfeng-vue3-jsonschema-form/lib/SchemaForm.tsx">
        <metrics statements="11" coveredstatements="11" conditionals="0" coveredconditionals="0" methods="3" coveredmethods="3"/>
        <line num="1" count="3" type="stmt"/>
        <line num="5" count="3" type="stmt"/>
        <line num="6" count="3" type="stmt"/>
        <line num="8" count="3" type="stmt"/>
        <line num="28" count="7" type="stmt"/>
        <line num="29" count="1" type="stmt"/>
        <line num="32" count="7" type="stmt"/>
        <line num="37" count="7" type="stmt"/>
        <line num="39" count="7" type="stmt"/>
        <line num="40" count="7" type="stmt"/>
        <line num="41" count="7" type="stmt"/>
      </file>
      <file name="SchemaItem.tsx" path="/Users/n-feng/Documents/nfeng-vue3-jsonschema-form/lib/SchemaItem.tsx">
        <metrics statements="26" coveredstatements="25" conditionals="5" coveredconditionals="4" methods="3" coveredmethods="3"/>
        <line num="1" count="3" type="stmt"/>
        <line num="3" count="3" type="stmt"/>
        <line num="4" count="3" type="stmt"/>
        <line num="5" count="3" type="stmt"/>
        <line num="7" count="3" type="stmt"/>
        <line num="8" count="3" type="stmt"/>
        <line num="10" count="3" type="stmt"/>
        <line num="12" count="3" type="stmt"/>
        <line num="16" count="14" type="stmt"/>
        <line num="17" count="14" type="stmt"/>
        <line num="18" count="14" type="stmt"/>
        <line num="21" count="14" type="stmt"/>
        <line num="22" count="14" type="stmt"/>
        <line num="24" count="14" type="stmt"/>
        <line num="28" count="14" type="stmt"/>
        <line num="32" count="14" type="stmt"/>
        <line num="34" count="6" type="stmt"/>
        <line num="35" count="6" type="stmt"/>
        <line num="38" count="2" type="stmt"/>
        <line num="39" count="2" type="stmt"/>
        <line num="42" count="3" type="stmt"/>
        <line num="43" count="3" type="stmt"/>
        <line num="46" count="3" type="stmt"/>
        <line num="47" count="3" type="stmt"/>
        <line num="50" count="0" type="stmt"/>
        <line num="54" count="14" type="stmt"/>
      </file>
      <file name="context.ts" path="/Users/n-feng/Documents/nfeng-vue3-jsonschema-form/lib/context.ts">
        <metrics statements="6" coveredstatements="5" conditionals="2" coveredconditionals="1" methods="1" coveredmethods="1"/>
        <line num="1" count="3" type="stmt"/>
        <line num="4" count="3" type="stmt"/>
        <line num="8" count="8" type="stmt"/>
        <line num="10" count="8" type="cond" truecount="1" falsecount="1"/>
        <line num="11" count="0" type="stmt"/>
        <line num="14" count="8" type="stmt"/>
      </file>
      <file name="index.ts" path="/Users/n-feng/Documents/nfeng-vue3-jsonschema-form/lib/index.ts">
        <metrics statements="8" coveredstatements="8" conditionals="2" coveredconditionals="2" methods="1" coveredmethods="1"/>
        <line num="1" count="3" type="stmt"/>
        <line num="2" count="3" type="stmt"/>
        <line num="3" count="3" type="stmt"/>
        <line num="4" count="3" type="stmt"/>
        <line num="6" count="3" type="stmt"/>
        <line num="8" count="3" type="stmt"/>
        <line num="10" count="3" type="stmt"/>
        <line num="12" count="90" type="cond" truecount="2" falsecount="0"/>
      </file>
      <file name="theme.tsx" path="/Users/n-feng/Documents/nfeng-vue3-jsonschema-form/lib/theme.tsx">
        <metrics statements="13" coveredstatements="13" conditionals="4" coveredconditionals="4" methods="5" coveredmethods="5"/>
        <line num="1" count="3" type="stmt"/>
        <line num="12" count="3" type="stmt"/>
        <line num="14" count="3" type="stmt"/>
        <line num="23" count="3" type="stmt"/>
        <line num="25" count="3" type="stmt"/>
        <line num="27" count="3" type="cond" truecount="2" falsecount="0"/>
        <line num="35" count="9" type="stmt"/>
        <line num="36" count="9" type="cond" truecount="2" falsecount="0"/>
        <line num="37" count="3" type="stmt"/>
        <line num="40" count="6" type="stmt"/>
        <line num="41" count="6" type="stmt"/>
        <line num="44" count="6" type="stmt"/>
        <line num="47" count="3" type="stmt"/>
      </file>
      <file name="types.ts" path="/Users/n-feng/Documents/nfeng-vue3-jsonschema-form/lib/types.ts">
        <metrics statements="17" coveredstatements="17" conditionals="6" coveredconditionals="6" methods="3" coveredmethods="3"/>
        <line num="1" count="3" type="stmt"/>
        <line num="3" count="3" type="cond" truecount="2" falsecount="0"/>
        <line num="4" count="3" type="stmt"/>
        <line num="5" count="3" type="stmt"/>
        <line num="6" count="3" type="stmt"/>
        <line num="7" count="3" type="stmt"/>
        <line num="8" count="3" type="stmt"/>
        <line num="9" count="3" type="stmt"/>
        <line num="47" count="3" type="stmt"/>
        <line num="65" count="3" type="stmt"/>
        <line num="71" count="3" type="stmt"/>
        <line num="79" count="3" type="stmt"/>
        <line num="104" count="3" type="cond" truecount="2" falsecount="0"/>
        <line num="105" count="3" type="stmt"/>
        <line num="108" count="3" type="cond" truecount="2" falsecount="0"/>
        <line num="109" count="3" type="stmt"/>
        <line num="110" count="3" type="stmt"/>
      </file>
      <file name="utils.ts" path="/Users/n-feng/Documents/nfeng-vue3-jsonschema-form/lib/utils.ts">
        <metrics statements="158" coveredstatements="19" conditionals="129" coveredconditionals="12" methods="25" coveredmethods="4"/>
        <line num="1" count="3" type="stmt"/>
        <line num="5" count="3" type="stmt"/>
        <line num="6" count="3" type="stmt"/>
        <line num="7" count="3" type="stmt"/>
        <line num="10" count="17" type="cond" truecount="3" falsecount="0"/>
        <line num="14" count="0" type="cond" truecount="0" falsecount="2"/>
        <line num="22" count="42" type="stmt"/>
        <line num="29" count="3" type="stmt"/>
        <line num="31" count="0" type="stmt"/>
        <line num="32" count="0" type="stmt"/>
        <line num="41" count="14" type="cond" truecount="1" falsecount="1"/>
        <line num="42" count="0" type="stmt"/>
        <line num="43" count="14" type="cond" truecount="1" falsecount="1"/>
        <line num="44" count="0" type="stmt"/>
        <line num="45" count="0" type="stmt"/>
        <line num="46" count="14" type="cond" truecount="2" falsecount="2"/>
        <line num="47" count="0" type="stmt"/>
        <line num="50" count="0" type="stmt"/>
        <line num="55" count="14" type="stmt"/>
        <line num="64" count="14" type="cond" truecount="1" falsecount="1"/>
        <line num="65" count="0" type="stmt"/>
        <line num="67" count="14" type="stmt"/>
        <line num="70" count="14" type="cond" truecount="1" falsecount="1"/>
        <line num="71" count="0" type="stmt"/>
        <line num="72" count="0" type="stmt"/>
        <line num="78" count="0" type="stmt"/>
        <line num="79" count="0" type="stmt"/>
        <line num="80" count="0" type="stmt"/>
        <line num="84" count="14" type="cond" truecount="1" falsecount="1"/>
        <line num="86" count="14" type="cond" truecount="1" falsecount="1"/>
        <line num="88" count="0" type="stmt"/>
        <line num="94" count="14" type="stmt"/>
        <line num="97" count="3" type="stmt"/>
        <line num="105" count="0" type="stmt"/>
        <line num="110" count="0" type="stmt"/>
        <line num="111" count="0" type="cond" truecount="0" falsecount="2"/>
        <line num="113" count="0" type="stmt"/>
        <line num="117" count="0" type="cond" truecount="0" falsecount="2"/>
        <line num="118" count="0" type="stmt"/>
        <line num="123" count="0" type="cond" truecount="0" falsecount="2"/>
        <line num="124" count="0" type="stmt"/>
        <line num="126" count="0" type="stmt"/>
        <line num="130" count="0" type="stmt"/>
        <line num="132" count="0" type="stmt"/>
        <line num="135" count="0" type="stmt"/>
        <line num="140" count="0" type="stmt"/>
        <line num="142" count="0" type="stmt"/>
        <line num="144" count="0" type="stmt"/>
        <line num="148" count="0" type="stmt"/>
        <line num="149" count="0" type="cond" truecount="0" falsecount="2"/>
        <line num="151" count="0" type="stmt"/>
        <line num="153" count="0" type="stmt"/>
        <line num="155" count="0" type="stmt"/>
        <line num="156" count="0" type="cond" truecount="0" falsecount="2"/>
        <line num="157" count="0" type="stmt"/>
        <line num="159" count="0" type="cond" truecount="0" falsecount="2"/>
        <line num="161" count="0" type="stmt"/>
        <line num="163" count="0" type="stmt"/>
        <line num="172" count="0" type="cond" truecount="0" falsecount="1"/>
        <line num="173" count="0" type="cond" truecount="0" falsecount="2"/>
        <line num="174" count="0" type="stmt"/>
        <line num="178" count="0" type="cond" truecount="0" falsecount="2"/>
        <line num="179" count="0" type="stmt"/>
        <line num="184" count="0" type="stmt"/>
        <line num="193" count="0" type="stmt"/>
        <line num="195" count="0" type="cond" truecount="0" falsecount="2"/>
        <line num="196" count="0" type="stmt"/>
        <line num="199" count="0" type="cond" truecount="0" falsecount="2"/>
        <line num="203" count="0" type="stmt"/>
        <line num="206" count="0" type="stmt"/>
        <line num="207" count="0" type="cond" truecount="0" falsecount="2"/>
        <line num="208" count="0" type="stmt"/>
        <line num="209" count="0" type="cond" truecount="0" falsecount="2"/>
        <line num="210" count="0" type="stmt"/>
        <line num="218" count="0" type="stmt"/>
        <line num="225" count="0" type="stmt"/>
        <line num="229" count="0" type="cond" truecount="0" falsecount="2"/>
        <line num="230" count="0" type="stmt"/>
        <line num="232" count="0" type="stmt"/>
        <line num="235" count="0" type="stmt"/>
        <line num="246" count="0" type="stmt"/>
        <line num="251" count="0" type="stmt"/>
        <line num="253" count="0" type="cond" truecount="0" falsecount="2"/>
        <line num="254" count="0" type="stmt"/>
        <line num="255" count="0" type="cond" truecount="0" falsecount="2"/>
        <line num="256" count="0" type="stmt"/>
        <line num="259" count="0" type="stmt"/>
        <line num="260" count="0" type="stmt"/>
        <line num="264" count="0" type="stmt"/>
        <line num="280" count="0" type="stmt"/>
        <line num="281" count="0" type="cond" truecount="0" falsecount="2"/>
        <line num="282" count="0" type="stmt"/>
        <line num="284" count="0" type="stmt"/>
        <line num="285" count="0" type="cond" truecount="0" falsecount="2"/>
        <line num="286" count="0" type="stmt"/>
        <line num="293" count="0" type="stmt"/>
        <line num="294" count="0" type="cond" truecount="0" falsecount="2"/>
        <line num="297" count="0" type="cond" truecount="0" falsecount="2"/>
        <line num="298" count="0" type="stmt"/>
        <line num="301" count="0" type="stmt"/>
        <line num="304" count="0" type="stmt"/>
        <line num="306" count="0" type="stmt"/>
        <line num="307" count="0" type="stmt"/>
        <line num="308" count="0" type="stmt"/>
        <line num="321" count="0" type="stmt"/>
        <line num="322" count="0" type="stmt"/>
        <line num="323" count="0" type="cond" truecount="0" falsecount="2"/>
        <line num="324" count="0" type="stmt"/>
        <line num="325" count="0" type="cond" truecount="0" falsecount="5"/>
        <line num="326" count="0" type="stmt"/>
        <line num="327" count="0" type="cond" truecount="0" falsecount="2"/>
        <line num="337" count="0" type="stmt"/>
        <line num="339" count="0" type="stmt"/>
        <line num="341" count="0" type="stmt"/>
        <line num="347" count="0" type="stmt"/>
        <line num="349" count="0" type="cond" truecount="0" falsecount="4"/>
        <line num="350" count="0" type="stmt"/>
        <line num="353" count="0" type="cond" truecount="0" falsecount="4"/>
        <line num="354" count="0" type="stmt"/>
        <line num="357" count="0" type="cond" truecount="0" falsecount="5"/>
        <line num="358" count="0" type="stmt"/>
        <line num="361" count="0" type="stmt"/>
        <line num="362" count="0" type="cond" truecount="0" falsecount="5"/>
        <line num="363" count="0" type="stmt"/>
        <line num="366" count="0" type="stmt"/>
        <line num="395" count="3" type="stmt"/>
        <line num="396" count="0" type="cond" truecount="0" falsecount="2"/>
        <line num="397" count="0" type="stmt"/>
        <line num="398" count="0" type="cond" truecount="0" falsecount="2"/>
        <line num="399" count="0" type="stmt"/>
        <line num="400" count="0" type="cond" truecount="0" falsecount="2"/>
        <line num="401" count="0" type="stmt"/>
        <line num="402" count="0" type="cond" truecount="0" falsecount="2"/>
        <line num="403" count="0" type="stmt"/>
        <line num="404" count="0" type="cond" truecount="0" falsecount="2"/>
        <line num="405" count="0" type="stmt"/>
        <line num="406" count="0" type="cond" truecount="0" falsecount="2"/>
        <line num="407" count="0" type="stmt"/>
        <line num="410" count="0" type="stmt"/>
        <line num="419" count="0" type="stmt"/>
        <line num="420" count="0" type="stmt"/>
        <line num="429" count="0" type="cond" truecount="0" falsecount="2"/>
        <line num="432" count="0" type="stmt"/>
        <line num="433" count="0" type="stmt"/>
        <line num="441" count="0" type="cond" truecount="0" falsecount="2"/>
        <line num="443" count="0" type="stmt"/>
        <line num="445" count="0" type="cond" truecount="0" falsecount="2"/>
        <line num="446" count="0" type="stmt"/>
        <line num="449" count="0" type="stmt"/>
        <line num="452" count="0" type="stmt"/>
        <line num="455" count="0" type="stmt"/>
        <line num="457" count="0" type="stmt"/>
        <line num="462" count="0" type="stmt"/>
        <line num="464" count="0" type="cond" truecount="0" falsecount="2"/>
        <line num="465" count="0" type="stmt"/>
        <line num="467" count="0" type="cond" truecount="0" falsecount="2"/>
        <line num="468" count="0" type="stmt"/>
        <line num="471" count="0" type="stmt"/>
      </file>
    </package>
    <package name="lib.fields">
      <metrics statements="109" coveredstatements="76" conditionals="36" coveredconditionals="13" methods="30" coveredmethods="16"/>
      <file name="ArrayField.tsx" path="/Users/n-feng/Documents/nfeng-vue3-jsonschema-form/lib/fields/ArrayField.tsx">
        <metrics statements="69" coveredstatements="43" conditionals="26" coveredconditionals="10" methods="19" coveredmethods="8"/>
        <line num="1" count="3" type="stmt"/>
        <line num="2" count="3" type="stmt"/>
        <line num="4" count="3" type="stmt"/>
        <line num="6" count="3" type="stmt"/>
        <line num="7" count="3" type="stmt"/>
        <line num="9" count="3" type="stmt"/>
        <line num="28" count="3" type="stmt"/>
        <line num="53" count="2" type="stmt"/>
        <line num="55" count="2" type="stmt"/>
        <line num="57" count="2" type="stmt"/>
        <line num="58" count="2" type="stmt"/>
        <line num="59" count="2" type="stmt"/>
        <line num="60" count="2" type="stmt"/>
        <line num="62" count="2" type="stmt"/>
        <line num="63" count="2" type="stmt"/>
        <line num="65" count="2" type="stmt"/>
        <line num="88" count="3" type="stmt"/>
        <line num="92" count="3" type="stmt"/>
        <line num="94" count="3" type="stmt"/>
        <line num="95" count="0" type="stmt"/>
        <line num="96" count="0" type="cond" truecount="0" falsecount="2"/>
        <line num="98" count="0" type="stmt"/>
        <line num="99" count="0" type="stmt"/>
        <line num="102" count="3" type="stmt"/>
        <line num="103" count="0" type="stmt"/>
        <line num="104" count="0" type="cond" truecount="0" falsecount="2"/>
        <line num="106" count="0" type="stmt"/>
        <line num="107" count="0" type="stmt"/>
        <line num="110" count="3" type="stmt"/>
        <line num="111" count="0" type="stmt"/>
        <line num="112" count="0" type="cond" truecount="0" falsecount="2"/>
        <line num="114" count="0" type="stmt"/>
        <line num="115" count="0" type="stmt"/>
        <line num="118" count="3" type="stmt"/>
        <line num="119" count="0" type="cond" truecount="0" falsecount="2"/>
        <line num="120" count="0" type="stmt"/>
        <line num="121" count="0" type="cond" truecount="0" falsecount="2"/>
        <line num="123" count="0" type="stmt"/>
        <line num="124" count="0" type="stmt"/>
        <line num="126" count="0" type="stmt"/>
        <line num="129" count="3" type="stmt"/>
        <line num="130" count="0" type="stmt"/>
        <line num="131" count="0" type="cond" truecount="0" falsecount="2"/>
        <line num="133" count="0" type="cond" truecount="0" falsecount="2"/>
        <line num="135" count="0" type="stmt"/>
        <line num="136" count="0" type="stmt"/>
        <line num="138" count="0" type="stmt"/>
        <line num="141" count="3" type="stmt"/>
        <line num="143" count="3" type="stmt"/>
        <line num="144" count="3" type="stmt"/>
        <line num="145" count="3" type="stmt"/>
        <line num="147" count="3" type="stmt"/>
        <line num="149" count="3" type="stmt"/>
        <line num="150" count="3" type="cond" truecount="2" falsecount="0"/>
        <line num="151" count="3" type="stmt"/>
        <line num="153" count="3" type="cond" truecount="2" falsecount="0"/>
        <line num="154" count="1" type="stmt"/>
        <line num="155" count="1" type="cond" truecount="1" falsecount="1"/>
        <line num="156" count="2" type="stmt"/>
        <line num="162" count="0" type="stmt"/>
        <line num="165" count="2" type="cond" truecount="2" falsecount="0"/>
        <line num="166" count="1" type="cond" truecount="1" falsecount="1"/>
        <line num="168" count="1" type="stmt"/>
        <line num="169" count="4" type="stmt"/>
        <line num="182" count="0" type="stmt"/>
        <line num="188" count="1" type="stmt"/>
        <line num="189" count="1" type="stmt"/>
        <line num="190" count="3" type="stmt"/>
        <line num="194" count="1" type="stmt"/>
      </file>
      <file name="NumberField.tsx" path="/Users/n-feng/Documents/nfeng-vue3-jsonschema-form/lib/fields/NumberField.tsx">
        <metrics statements="10" coveredstatements="9" conditionals="2" coveredconditionals="1" methods="3" coveredmethods="3"/>
        <line num="1" count="3" type="stmt"/>
        <line num="2" count="3" type="stmt"/>
        <line num="4" count="3" type="stmt"/>
        <line num="8" count="2" type="stmt"/>
        <line num="9" count="1" type="stmt"/>
        <line num="11" count="1" type="stmt"/>
        <line num="13" count="1" type="cond" truecount="1" falsecount="1"/>
        <line num="14" count="0" type="stmt"/>
        <line num="16" count="1" type="stmt"/>
        <line num="19" count="2" type="stmt"/>
      </file>
      <file name="ObjectField.tsx" path="/Users/n-feng/Documents/nfeng-vue3-jsonschema-form/lib/fields/ObjectField.tsx">
        <metrics statements="20" coveredstatements="14" conditionals="8" coveredconditionals="2" methods="5" coveredmethods="3"/>
        <line num="1" count="3" type="stmt"/>
        <line num="3" count="3" type="stmt"/>
        <line num="4" count="3" type="stmt"/>
        <line num="5" count="3" type="stmt"/>
        <line num="11" count="3" type="stmt"/>
        <line num="23" count="3" type="stmt"/>
        <line num="27" count="3" type="stmt"/>
        <line num="29" count="3" type="stmt"/>
        <line num="30" count="0" type="cond" truecount="0" falsecount="2"/>
        <line num="32" count="0" type="cond" truecount="0" falsecount="2"/>
        <line num="33" count="0" type="stmt"/>
        <line num="35" count="0" type="stmt"/>
        <line num="38" count="0" type="stmt"/>
        <line num="41" count="3" type="stmt"/>
        <line num="42" count="3" type="stmt"/>
        <line num="44" count="3" type="stmt"/>
        <line num="46" count="3" type="cond" truecount="1" falsecount="1"/>
        <line num="48" count="3" type="cond" truecount="1" falsecount="1"/>
        <line num="50" count="6" type="stmt"/>
        <line num="56" count="0" type="stmt"/>
      </file>
      <file name="StringField.tsx" path="/Users/n-feng/Documents/nfeng-vue3-jsonschema-form/lib/fields/StringField.tsx">
        <metrics statements="10" coveredstatements="10" conditionals="0" coveredconditionals="0" methods="3" coveredmethods="2"/>
        <line num="1" count="3" type="stmt"/>
        <line num="3" count="3" type="stmt"/>
        <line num="4" count="3" type="stmt"/>
        <line num="6" count="3" type="stmt"/>
        <line num="10" count="6" type="stmt"/>
        <line num="15" count="6" type="stmt"/>
        <line num="17" count="3" type="stmt"/>
        <line num="18" count="3" type="stmt"/>
        <line num="20" count="3" type="stmt"/>
        <line num="22" count="3" type="stmt"/>
      </file>
    </package>
    <package name="lib.theme-default">
      <metrics statements="35" coveredstatements="27" conditionals="4" coveredconditionals="0" methods="13" coveredmethods="7"/>
      <file name="SelectionWidget.tsx" path="/Users/n-feng/Documents/nfeng-vue3-jsonschema-form/lib/theme-default/SelectionWidget.tsx">
        <metrics statements="19" coveredstatements="14" conditionals="4" coveredconditionals="0" methods="8" coveredmethods="5"/>
        <line num="1" count="1" type="stmt"/>
        <line num="2" count="1" type="stmt"/>
        <line num="4" count="1" type="stmt"/>
        <line num="8" count="1" type="stmt"/>
        <line num="10" count="1" type="stmt"/>
        <line num="11" count="0" type="cond" truecount="0" falsecount="2"/>
        <line num="12" count="0" type="stmt"/>
        <line num="16" count="1" type="stmt"/>
        <line num="17" count="1" type="stmt"/>
        <line num="19" count="0" type="cond" truecount="0" falsecount="2"/>
        <line num="20" count="0" type="stmt"/>
        <line num="25" count="1" type="stmt"/>
        <line num="26" count="1" type="stmt"/>
        <line num="29" count="1" type="stmt"/>
        <line num="30" count="1" type="stmt"/>
        <line num="31" count="1" type="stmt"/>
        <line num="32" count="0" type="stmt"/>
        <line num="33" count="3" type="stmt"/>
        <line num="42" count="1" type="stmt"/>
      </file>
      <file name="TextWidget.tsx" path="/Users/n-feng/Documents/nfeng-vue3-jsonschema-form/lib/theme-default/TextWidget.tsx">
        <metrics statements="9" coveredstatements="7" conditionals="0" coveredconditionals="0" methods="3" coveredmethods="2"/>
        <line num="1" count="1" type="stmt"/>
        <line num="2" count="1" type="stmt"/>
        <line num="4" count="1" type="stmt"/>
        <line num="7" count="3" type="stmt"/>
        <line num="8" count="0" type="stmt"/>
        <line num="9" count="0" type="stmt"/>
        <line num="11" count="3" type="stmt"/>
        <line num="12" count="3" type="stmt"/>
        <line num="19" count="1" type="stmt"/>
      </file>
      <file name="index.tsx" path="/Users/n-feng/Documents/nfeng-vue3-jsonschema-form/lib/theme-default/index.tsx">
        <metrics statements="7" coveredstatements="6" conditionals="0" coveredconditionals="0" methods="2" coveredmethods="0"/>
        <line num="1" count="1" type="stmt"/>
        <line num="3" count="1" type="stmt"/>
        <line num="4" count="1" type="stmt"/>
        <line num="6" count="1" type="stmt"/>
        <line num="8" count="1" type="stmt"/>
        <line num="11" count="0" type="stmt"/>
        <line num="15" count="1" type="stmt"/>
      </file>
    </package>
    <package name="lib.widgets">
      <metrics statements="19" coveredstatements="4" conditionals="8" coveredconditionals="0" methods="8" coveredmethods="0"/>
      <file name="Selection.tsx" path="/Users/n-feng/Documents/nfeng-vue3-jsonschema-form/lib/widgets/Selection.tsx">
        <metrics statements="19" coveredstatements="4" conditionals="8" coveredconditionals="0" methods="8" coveredmethods="0"/>
        <line num="1" count="3" type="stmt"/>
        <line num="2" count="3" type="stmt"/>
        <line num="4" count="3" type="stmt"/>
        <line num="8" count="0" type="stmt"/>
        <line num="10" count="0" type="stmt"/>
        <line num="11" count="0" type="cond" truecount="0" falsecount="2"/>
        <line num="12" count="0" type="stmt"/>
        <line num="16" count="0" type="stmt"/>
        <line num="17" count="0" type="stmt"/>
        <line num="19" count="0" type="cond" truecount="0" falsecount="2"/>
        <line num="20" count="0" type="stmt"/>
        <line num="25" count="0" type="stmt"/>
        <line num="26" count="0" type="stmt"/>
        <line num="29" count="0" type="stmt"/>
        <line num="30" count="0" type="stmt"/>
        <line num="31" count="0" type="cond" truecount="0" falsecount="2"/>
        <line num="32" count="0" type="stmt"/>
        <line num="33" count="0" type="cond" truecount="0" falsecount="2"/>
        <line num="42" count="3" type="stmt"/>
      </file>
    </package>
    <package name="tests.unit.utils">
      <metrics statements="7" coveredstatements="7" conditionals="2" coveredconditionals="2" methods="4" coveredmethods="4"/>
      <file name="TestComponent.tsx" path="/Users/n-feng/Documents/nfeng-vue3-jsonschema-form/tests/unit/utils/TestComponent.tsx">
        <metrics statements="7" coveredstatements="7" conditionals="2" coveredconditionals="2" methods="4" coveredmethods="4"/>
        <line num="1" count="1" type="stmt"/>
        <line num="2" count="1" type="stmt"/>
        <line num="3" count="1" type="stmt"/>
        <line num="8" count="1" type="stmt"/>
        <line num="10" count="6" type="stmt"/>
        <line num="18" count="1" type="stmt"/>
        <line num="34" count="6" type="stmt"/>
      </file>
    </package>
  </project>
</coverage>
