{"/Users/n-feng/Documents/nfeng-vue3-jsonschema-form/lib/SchemaForm.tsx": {"path":"/Users/n-feng/Documents/nfeng-vue3-jsonschema-form/lib/SchemaForm.tsx","statementMap":{"0":{"start":{"line":1,"column":0},"end":{"line":1,"column":null}},"1":{"start":{"line":5,"column":0},"end":{"line":5,"column":null}},"2":{"start":{"line":6,"column":0},"end":{"line":6,"column":null}},"3":{"start":{"line":8,"column":15},"end":{"line":8,"column":31}},"4":{"start":{"line":24,"column":26},"end":{"line":26,"column":null}},"5":{"start":{"line":25,"column":6},"end":{"line":25,"column":11}},"6":{"start":{"line":28,"column":25},"end":{"line":28,"column":null}},"7":{"start":{"line":32,"column":4},"end":{"line":32,"column":12}},"8":{"start":{"line":34,"column":4},"end":{"line":34,"column":11}},"9":{"start":{"line":35,"column":32},"end":{"line":35,"column":null}},"10":{"start":{"line":36,"column":6},"end":{"line":36,"column":null}}},"fnMap":{"0":{"name":"(anonymous_0)","decl":{"start":{"line":23,"column":2},"end":{"line":23,"column":7}},"loc":{"start":{"line":23,"column":37},"end":{"line":45,"column":null}}},"1":{"name":"(anonymous_1)","decl":{"start":{"line":24,"column":26},"end":{"line":24,"column":36}},"loc":{"start":{"line":24,"column":36},"end":{"line":26,"column":null}}},"2":{"name":"(anonymous_2)","decl":{"start":{"line":34,"column":11},"end":{"line":34,"column":16}},"loc":{"start":{"line":34,"column":16},"end":{"line":44,"column":null}}}},"branchMap":{},"s":{"0":3,"1":3,"2":3,"3":3,"4":6,"5":4,"6":6,"7":6,"8":6,"9":6,"10":6},"f":{"0":6,"1":4,"2":6},"b":{}}
,"/Users/n-feng/Documents/nfeng-vue3-jsonschema-form/lib/SchemaItem.tsx": {"path":"/Users/n-feng/Documents/nfeng-vue3-jsonschema-form/lib/SchemaItem.tsx","statementMap":{"0":{"start":{"line":1,"column":0},"end":{"line":1,"column":null}},"1":{"start":{"line":3,"column":0},"end":{"line":3,"column":null}},"2":{"start":{"line":4,"column":0},"end":{"line":4,"column":null}},"3":{"start":{"line":5,"column":0},"end":{"line":5,"column":null}},"4":{"start":{"line":7,"column":0},"end":{"line":7,"column":null}},"5":{"start":{"line":8,"column":0},"end":{"line":8,"column":null}},"6":{"start":{"line":10,"column":0},"end":{"line":10,"column":null}},"7":{"start":{"line":12,"column":15},"end":{"line":12,"column":31}},"8":{"start":{"line":16,"column":31},"end":{"line":16,"column":40}},"9":{"start":{"line":17,"column":44},"end":{"line":17,"column":null}},"10":{"start":{"line":18,"column":6},"end":{"line":18,"column":13}},"11":{"start":{"line":21,"column":4},"end":{"line":21,"column":11}},"12":{"start":{"line":22,"column":44},"end":{"line":22,"column":null}},"13":{"start":{"line":24,"column":30},"end":{"line":24,"column":null}},"14":{"start":{"line":28,"column":19},"end":{"line":28,"column":null}},"15":{"start":{"line":32,"column":6},"end":{"line":32,"column":14}},"16":{"start":{"line":34,"column":10},"end":{"line":34,"column":19}},"17":{"start":{"line":35,"column":10},"end":{"line":35,"column":null}},"18":{"start":{"line":38,"column":10},"end":{"line":38,"column":19}},"19":{"start":{"line":39,"column":10},"end":{"line":39,"column":null}},"20":{"start":{"line":42,"column":10},"end":{"line":42,"column":19}},"21":{"start":{"line":43,"column":10},"end":{"line":43,"column":null}},"22":{"start":{"line":46,"column":10},"end":{"line":46,"column":19}},"23":{"start":{"line":47,"column":10},"end":{"line":47,"column":null}},"24":{"start":{"line":50,"column":10},"end":{"line":50,"column":17}},"25":{"start":{"line":54,"column":6},"end":{"line":54,"column":28}}},"fnMap":{"0":{"name":"(anonymous_0)","decl":{"start":{"line":15,"column":2},"end":{"line":15,"column":7}},"loc":{"start":{"line":15,"column":13},"end":{"line":56,"column":null}}},"1":{"name":"(anonymous_1)","decl":{"start":{"line":16,"column":40},"end":{"line":16,"column":45}},"loc":{"start":{"line":16,"column":45},"end":{"line":19,"column":null}}},"2":{"name":"(anonymous_2)","decl":{"start":{"line":21,"column":11},"end":{"line":21,"column":16}},"loc":{"start":{"line":21,"column":16},"end":{"line":55,"column":null}}}},"branchMap":{"0":{"loc":{"start":{"line":33,"column":8},"end":{"line":36,"column":null}},"type":"switch","locations":[{"start":{"line":33,"column":8},"end":{"line":36,"column":null}},{"start":{"line":37,"column":8},"end":{"line":40,"column":null}},{"start":{"line":41,"column":8},"end":{"line":44,"column":null}},{"start":{"line":45,"column":8},"end":{"line":48,"column":null}},{"start":{"line":49,"column":8},"end":{"line":51,"column":null}}]}},"s":{"0":3,"1":3,"2":3,"3":3,"4":3,"5":3,"6":3,"7":3,"8":16,"9":19,"10":19,"11":16,"12":22,"13":22,"14":22,"15":22,"16":9,"17":9,"18":8,"19":8,"20":3,"21":3,"22":2,"23":2,"24":0,"25":22},"f":{"0":16,"1":19,"2":22},"b":{"0":[9,8,3,2,0]}}
,"/Users/n-feng/Documents/nfeng-vue3-jsonschema-form/lib/context.ts": {"path":"/Users/n-feng/Documents/nfeng-vue3-jsonschema-form/lib/context.ts","statementMap":{"0":{"start":{"line":1,"column":0},"end":{"line":1,"column":null}},"1":{"start":{"line":4,"column":36},"end":{"line":4,"column":null}},"2":{"start":{"line":8,"column":4},"end":{"line":8,"column":11}},"3":{"start":{"line":10,"column":2},"end":{"line":12,"column":null}},"4":{"start":{"line":11,"column":4},"end":{"line":11,"column":10}},"5":{"start":{"line":14,"column":2},"end":{"line":14,"column":9}}},"fnMap":{"0":{"name":"useVJSFConext","decl":{"start":{"line":6,"column":16},"end":{"line":6,"column":29}},"loc":{"start":{"line":6,"column":29},"end":{"line":15,"column":null}}}},"branchMap":{"0":{"loc":{"start":{"line":10,"column":2},"end":{"line":12,"column":null}},"type":"if","locations":[{"start":{"line":10,"column":2},"end":{"line":12,"column":null}},{"start":{"line":10,"column":2},"end":{"line":12,"column":null}}]}},"s":{"0":3,"1":3,"2":5,"3":5,"4":0,"5":5},"f":{"0":5},"b":{"0":[0,5]}}
,"/Users/n-feng/Documents/nfeng-vue3-jsonschema-form/lib/index.ts": {"path":"/Users/n-feng/Documents/nfeng-vue3-jsonschema-form/lib/index.ts","statementMap":{"0":{"start":{"line":1,"column":0},"end":{"line":1,"column":null}},"1":{"start":{"line":2,"column":0},"end":{"line":2,"column":null}},"2":{"start":{"line":3,"column":0},"end":{"line":3,"column":null}},"3":{"start":{"line":4,"column":0},"end":{"line":4,"column":null}},"4":{"start":{"line":6,"column":15},"end":{"line":6,"column":null}}},"fnMap":{},"branchMap":{},"s":{"0":3,"1":3,"2":3,"3":3,"4":3},"f":{},"b":{}}
,"/Users/n-feng/Documents/nfeng-vue3-jsonschema-form/lib/types.ts": {"path":"/Users/n-feng/Documents/nfeng-vue3-jsonschema-form/lib/types.ts","statementMap":{"0":{"start":{"line":1,"column":0},"end":{"line":1,"column":null}},"1":{"start":{"line":3,"column":0},"end":{"line":3,"column":12}},"2":{"start":{"line":4,"column":2},"end":{"line":4,"column":null}},"3":{"start":{"line":5,"column":2},"end":{"line":5,"column":null}},"4":{"start":{"line":6,"column":2},"end":{"line":6,"column":null}},"5":{"start":{"line":7,"column":2},"end":{"line":7,"column":null}},"6":{"start":{"line":8,"column":2},"end":{"line":8,"column":null}},"7":{"start":{"line":9,"column":2},"end":{"line":9,"column":null}},"8":{"start":{"line":47,"column":32},"end":{"line":47,"column":null}},"9":{"start":{"line":65,"column":35},"end":{"line":65,"column":51}}},"fnMap":{"0":{"name":"(anonymous_0)","decl":{"start":{"line":3,"column":0},"end":{"line":3,"column":12}},"loc":{"start":{"line":3,"column":23},"end":{"line":10,"column":null}}}},"branchMap":{"0":{"loc":{"start":{"line":3,"column":12},"end":{"line":3,"column":23}},"type":"binary-expr","locations":[{"start":{"line":3,"column":12},"end":{"line":3,"column":23}},{"start":{"line":3,"column":23},"end":{"line":3,"column":null}}]}},"s":{"0":3,"1":3,"2":3,"3":3,"4":3,"5":3,"6":3,"7":3,"8":3,"9":3},"f":{"0":3},"b":{"0":[3,3]}}
,"/Users/n-feng/Documents/nfeng-vue3-jsonschema-form/lib/utils.ts": {"path":"/Users/n-feng/Documents/nfeng-vue3-jsonschema-form/lib/utils.ts","statementMap":{"0":{"start":{"line":1,"column":0},"end":{"line":1,"column":null}},"1":{"start":{"line":5,"column":0},"end":{"line":5,"column":null}},"2":{"start":{"line":6,"column":0},"end":{"line":6,"column":null}},"3":{"start":{"line":7,"column":0},"end":{"line":7,"column":null}},"4":{"start":{"line":10,"column":2},"end":{"line":10,"column":9}},"5":{"start":{"line":14,"column":2},"end":{"line":14,"column":9}},"6":{"start":{"line":22,"column":2},"end":{"line":22,"column":9}},"7":{"start":{"line":29,"column":24},"end":{"line":29,"column":28}},"8":{"start":{"line":31,"column":16},"end":{"line":31,"column":31}},"9":{"start":{"line":32,"column":2},"end":{"line":32,"column":9}},"10":{"start":{"line":41,"column":2},"end":{"line":56,"column":null}},"11":{"start":{"line":42,"column":4},"end":{"line":42,"column":11}},"12":{"start":{"line":43,"column":9},"end":{"line":56,"column":null}},"13":{"start":{"line":44,"column":26},"end":{"line":44,"column":46}},"14":{"start":{"line":45,"column":4},"end":{"line":45,"column":11}},"15":{"start":{"line":46,"column":9},"end":{"line":56,"column":null}},"16":{"start":{"line":47,"column":4},"end":{"line":47,"column":11}},"17":{"start":{"line":50,"column":8},"end":{"line":50,"column":23}},"18":{"start":{"line":55,"column":4},"end":{"line":55,"column":11}},"19":{"start":{"line":64,"column":2},"end":{"line":66,"column":null}},"20":{"start":{"line":65,"column":4},"end":{"line":65,"column":11}},"21":{"start":{"line":67,"column":23},"end":{"line":67,"column":37}},"22":{"start":{"line":70,"column":2},"end":{"line":82,"column":null}},"23":{"start":{"line":71,"column":4},"end":{"line":81,"column":null}},"24":{"start":{"line":72,"column":6},"end":{"line":72,"column":20}},"25":{"start":{"line":78,"column":6},"end":{"line":78,"column":13}},"26":{"start":{"line":79,"column":55},"end":{"line":79,"column":null}},"27":{"start":{"line":80,"column":6},"end":{"line":80,"column":13}},"28":{"start":{"line":84,"column":4},"end":{"line":85,"column":null}},"29":{"start":{"line":86,"column":2},"end":{"line":93,"column":null}},"30":{"start":{"line":88,"column":4},"end":{"line":88,"column":11}},"31":{"start":{"line":94,"column":2},"end":{"line":94,"column":9}},"32":{"start":{"line":97,"column":40},"end":{"line":97,"column":null}},"33":{"start":{"line":105,"column":2},"end":{"line":105,"column":8}},"34":{"start":{"line":110,"column":2},"end":{"line":110,"column":8}},"35":{"start":{"line":111,"column":4},"end":{"line":114,"column":null}},"36":{"start":{"line":113,"column":6},"end":{"line":113,"column":null}},"37":{"start":{"line":117,"column":4},"end":{"line":127,"column":null}},"38":{"start":{"line":118,"column":6},"end":{"line":118,"column":26}},"39":{"start":{"line":123,"column":11},"end":{"line":127,"column":null}},"40":{"start":{"line":124,"column":6},"end":{"line":124,"column":26}},"41":{"start":{"line":126,"column":6},"end":{"line":126,"column":26}},"42":{"start":{"line":130,"column":6},"end":{"line":130,"column":20}},"43":{"start":{"line":132,"column":6},"end":{"line":132,"column":20}},"44":{"start":{"line":135,"column":2},"end":{"line":135,"column":9}},"45":{"start":{"line":140,"column":21},"end":{"line":140,"column":42}},"46":{"start":{"line":142,"column":35},"end":{"line":142,"column":null}},"47":{"start":{"line":144,"column":2},"end":{"line":144,"column":9}},"48":{"start":{"line":148,"column":18},"end":{"line":148,"column":null}},"49":{"start":{"line":149,"column":2},"end":{"line":154,"column":null}},"50":{"start":{"line":151,"column":4},"end":{"line":151,"column":8}},"51":{"start":{"line":153,"column":4},"end":{"line":153,"column":10}},"52":{"start":{"line":155,"column":18},"end":{"line":155,"column":30}},"53":{"start":{"line":156,"column":2},"end":{"line":158,"column":null}},"54":{"start":{"line":157,"column":4},"end":{"line":157,"column":10}},"55":{"start":{"line":159,"column":2},"end":{"line":162,"column":null}},"56":{"start":{"line":161,"column":4},"end":{"line":161,"column":11}},"57":{"start":{"line":163,"column":2},"end":{"line":163,"column":9}},"58":{"start":{"line":172,"column":49},"end":{"line":172,"column":null}},"59":{"start":{"line":173,"column":2},"end":{"line":183,"column":null}},"60":{"start":{"line":174,"column":4},"end":{"line":174,"column":18}},"61":{"start":{"line":178,"column":9},"end":{"line":183,"column":null}},"62":{"start":{"line":179,"column":4},"end":{"line":179,"column":18}},"63":{"start":{"line":184,"column":2},"end":{"line":184,"column":9}},"64":{"start":{"line":193,"column":2},"end":{"line":224,"column":null}},"65":{"start":{"line":195,"column":4},"end":{"line":197,"column":null}},"66":{"start":{"line":196,"column":6},"end":{"line":196,"column":null}},"67":{"start":{"line":199,"column":4},"end":{"line":204,"column":null}},"68":{"start":{"line":203,"column":6},"end":{"line":203,"column":null}},"69":{"start":{"line":206,"column":6},"end":{"line":206,"column":null}},"70":{"start":{"line":207,"column":4},"end":{"line":217,"column":null}},"71":{"start":{"line":208,"column":6},"end":{"line":208,"column":20}},"72":{"start":{"line":209,"column":11},"end":{"line":217,"column":null}},"73":{"start":{"line":210,"column":6},"end":{"line":210,"column":20}},"74":{"start":{"line":218,"column":4},"end":{"line":218,"column":11}},"75":{"start":{"line":225,"column":2},"end":{"line":225,"column":9}},"76":{"start":{"line":229,"column":2},"end":{"line":231,"column":null}},"77":{"start":{"line":230,"column":4},"end":{"line":230,"column":11}},"78":{"start":{"line":232,"column":19},"end":{"line":234,"column":null}},"79":{"start":{"line":235,"column":2},"end":{"line":235,"column":9}},"80":{"start":{"line":246,"column":38},"end":{"line":246,"column":null}},"81":{"start":{"line":251,"column":2},"end":{"line":251,"column":8}},"82":{"start":{"line":253,"column":2},"end":{"line":257,"column":null}},"83":{"start":{"line":254,"column":4},"end":{"line":254,"column":11}},"84":{"start":{"line":255,"column":9},"end":{"line":257,"column":null}},"85":{"start":{"line":256,"column":4},"end":{"line":256,"column":10}},"86":{"start":{"line":259,"column":25},"end":{"line":259,"column":38}},"87":{"start":{"line":260,"column":4},"end":{"line":262,"column":null}},"88":{"start":{"line":264,"column":2},"end":{"line":264,"column":9}},"89":{"start":{"line":280,"column":26},"end":{"line":280,"column":31}},"90":{"start":{"line":281,"column":4},"end":{"line":283,"column":null}},"91":{"start":{"line":282,"column":6},"end":{"line":282,"column":13}},"92":{"start":{"line":284,"column":57},"end":{"line":284,"column":null}},"93":{"start":{"line":285,"column":4},"end":{"line":295,"column":null}},"94":{"start":{"line":286,"column":30},"end":{"line":286,"column":null}},"95":{"start":{"line":293,"column":25},"end":{"line":293,"column":38}},"96":{"start":{"line":294,"column":6},"end":{"line":294,"column":13}},"97":{"start":{"line":297,"column":2},"end":{"line":302,"column":null}},"98":{"start":{"line":298,"column":4},"end":{"line":298,"column":11}},"99":{"start":{"line":301,"column":4},"end":{"line":301,"column":11}},"100":{"start":{"line":304,"column":20},"end":{"line":304,"column":36}},"101":{"start":{"line":306,"column":4},"end":{"line":306,"column":null}},"102":{"start":{"line":307,"column":26},"end":{"line":307,"column":28}},"103":{"start":{"line":308,"column":2},"end":{"line":308,"column":9}},"104":{"start":{"line":321,"column":14},"end":{"line":321,"column":20}},"105":{"start":{"line":322,"column":2},"end":{"line":322,"column":9}},"106":{"start":{"line":323,"column":17},"end":{"line":323,"column":null}},"107":{"start":{"line":324,"column":14},"end":{"line":324,"column":19}},"108":{"start":{"line":325,"column":4},"end":{"line":340,"column":null}},"109":{"start":{"line":326,"column":6},"end":{"line":326,"column":9}},"110":{"start":{"line":327,"column":11},"end":{"line":340,"column":null}},"111":{"start":{"line":337,"column":6},"end":{"line":337,"column":9}},"112":{"start":{"line":339,"column":6},"end":{"line":339,"column":9}},"113":{"start":{"line":341,"column":4},"end":{"line":341,"column":11}},"114":{"start":{"line":347,"column":17},"end":{"line":347,"column":null}},"115":{"start":{"line":349,"column":2},"end":{"line":351,"column":null}},"116":{"start":{"line":350,"column":4},"end":{"line":350,"column":11}},"117":{"start":{"line":353,"column":2},"end":{"line":355,"column":null}},"118":{"start":{"line":354,"column":4},"end":{"line":354,"column":11}},"119":{"start":{"line":357,"column":2},"end":{"line":359,"column":null}},"120":{"start":{"line":358,"column":4},"end":{"line":358,"column":11}},"121":{"start":{"line":361,"column":17},"end":{"line":361,"column":null}},"122":{"start":{"line":362,"column":2},"end":{"line":364,"column":null}},"123":{"start":{"line":363,"column":4},"end":{"line":363,"column":11}},"124":{"start":{"line":363,"column":28},"end":{"line":363,"column":null}},"125":{"start":{"line":366,"column":2},"end":{"line":366,"column":9}},"126":{"start":{"line":395,"column":25},"end":{"line":411,"column":null}},"127":{"start":{"line":396,"column":2},"end":{"line":408,"column":null}},"128":{"start":{"line":397,"column":4},"end":{"line":397,"column":11}},"129":{"start":{"line":398,"column":9},"end":{"line":408,"column":null}},"130":{"start":{"line":399,"column":4},"end":{"line":399,"column":11}},"131":{"start":{"line":400,"column":9},"end":{"line":408,"column":null}},"132":{"start":{"line":401,"column":4},"end":{"line":401,"column":11}},"133":{"start":{"line":402,"column":9},"end":{"line":408,"column":null}},"134":{"start":{"line":403,"column":4},"end":{"line":403,"column":11}},"135":{"start":{"line":404,"column":9},"end":{"line":408,"column":null}},"136":{"start":{"line":405,"column":4},"end":{"line":405,"column":11}},"137":{"start":{"line":406,"column":9},"end":{"line":408,"column":null}},"138":{"start":{"line":407,"column":4},"end":{"line":407,"column":11}},"139":{"start":{"line":410,"column":2},"end":{"line":410,"column":9}},"140":{"start":{"line":419,"column":2},"end":{"line":470,"column":null}},"141":{"start":{"line":419,"column":15},"end":{"line":419,"column":18}},"142":{"start":{"line":420,"column":19},"end":{"line":420,"column":27}},"143":{"start":{"line":429,"column":4},"end":{"line":469,"column":null}},"144":{"start":{"line":432,"column":28},"end":{"line":432,"column":null}},"145":{"start":{"line":433,"column":60},"end":{"line":433,"column":null}},"146":{"start":{"line":441,"column":6},"end":{"line":458,"column":null}},"147":{"start":{"line":443,"column":36},"end":{"line":443,"column":null}},"148":{"start":{"line":445,"column":8},"end":{"line":450,"column":null}},"149":{"start":{"line":446,"column":10},"end":{"line":446,"column":22}},"150":{"start":{"line":449,"column":10},"end":{"line":449,"column":22}},"151":{"start":{"line":452,"column":8},"end":{"line":452,"column":15}},"152":{"start":{"line":455,"column":8},"end":{"line":455,"column":23}},"153":{"start":{"line":457,"column":8},"end":{"line":457,"column":23}},"154":{"start":{"line":462,"column":6},"end":{"line":462,"column":13}},"155":{"start":{"line":464,"column":6},"end":{"line":466,"column":null}},"156":{"start":{"line":465,"column":8},"end":{"line":465,"column":15}},"157":{"start":{"line":467,"column":11},"end":{"line":469,"column":null}},"158":{"start":{"line":468,"column":6},"end":{"line":468,"column":13}},"159":{"start":{"line":471,"column":2},"end":{"line":471,"column":9}}},"fnMap":{"0":{"name":"isObject","decl":{"start":{"line":9,"column":16},"end":{"line":9,"column":25}},"loc":{"start":{"line":9,"column":35},"end":{"line":11,"column":null}}},"1":{"name":"isEmptyObject","decl":{"start":{"line":13,"column":16},"end":{"line":13,"column":30}},"loc":{"start":{"line":13,"column":40},"end":{"line":15,"column":null}}},"2":{"name":"hasOwnProperty","decl":{"start":{"line":17,"column":16},"end":{"line":17,"column":31}},"loc":{"start":{"line":17,"column":52},"end":{"line":23,"column":null}}},"3":{"name":"validateData","decl":{"start":{"line":30,"column":16},"end":{"line":30,"column":29}},"loc":{"start":{"line":30,"column":51},"end":{"line":36,"column":null}}},"4":{"name":"resolveSchema","decl":{"start":{"line":40,"column":16},"end":{"line":40,"column":30}},"loc":{"start":{"line":40,"column":76},"end":{"line":57,"column":null}}},"5":{"name":"(anonymous_5)","decl":{"start":{"line":49,"column":31},"end":{"line":49,"column":null}},"loc":{"start":{"line":50,"column":8},"end":{"line":50,"column":23}}},"6":{"name":"retrieveSchema","decl":{"start":{"line":59,"column":16},"end":{"line":59,"column":null}},"loc":{"start":{"line":62,"column":20},"end":{"line":95,"column":null}}},"7":{"name":"stubExistingAdditionalProperties","decl":{"start":{"line":99,"column":16},"end":{"line":99,"column":null}},"loc":{"start":{"line":102,"column":20},"end":{"line":136,"column":null}}},"8":{"name":"(anonymous_8)","decl":{"start":{"line":110,"column":33},"end":{"line":110,"column":40}},"loc":{"start":{"line":110,"column":40},"end":{"line":133,"column":null}}},"9":{"name":"resolveReference","decl":{"start":{"line":138,"column":9},"end":{"line":138,"column":26}},"loc":{"start":{"line":138,"column":69},"end":{"line":145,"column":null}}},"10":{"name":"findSchemaDefinition","decl":{"start":{"line":147,"column":16},"end":{"line":147,"column":37}},"loc":{"start":{"line":147,"column":66},"end":{"line":164,"column":null}}},"11":{"name":"resolveDependencies","decl":{"start":{"line":166,"column":9},"end":{"line":166,"column":null}},"loc":{"start":{"line":169,"column":15},"end":{"line":185,"column":null}}},"12":{"name":"processDependencies","decl":{"start":{"line":186,"column":9},"end":{"line":186,"column":null}},"loc":{"start":{"line":190,"column":15},"end":{"line":226,"column":null}}},"13":{"name":"withDependentProperties","decl":{"start":{"line":228,"column":9},"end":{"line":228,"column":33}},"loc":{"start":{"line":228,"column":71},"end":{"line":236,"column":null}}},"14":{"name":"withDependentSchema","decl":{"start":{"line":238,"column":9},"end":{"line":238,"column":null}},"loc":{"start":{"line":243,"column":22},"end":{"line":271,"column":null}}},"15":{"name":"(anonymous_15)","decl":{"start":{"line":259,"column":44},"end":{"line":259,"column":null}},"loc":{"start":{"line":260,"column":4},"end":{"line":262,"column":null}}},"16":{"name":"withExactlyOneSubschema","decl":{"start":{"line":273,"column":9},"end":{"line":273,"column":null}},"loc":{"start":{"line":278,"column":12},"end":{"line":313,"column":null}}},"17":{"name":"(anonymous_17)","decl":{"start":{"line":280,"column":40},"end":{"line":280,"column":58}},"loc":{"start":{"line":280,"column":58},"end":{"line":296,"column":null}}},"18":{"name":"mergeSchemas","decl":{"start":{"line":320,"column":16},"end":{"line":320,"column":29}},"loc":{"start":{"line":320,"column":49},"end":{"line":343,"column":null}}},"19":{"name":"(anonymous_19)","decl":{"start":{"line":322,"column":34},"end":{"line":322,"column":35}},"loc":{"start":{"line":322,"column":47},"end":{"line":342,"column":5}}},"20":{"name":"getSchemaType","decl":{"start":{"line":346,"column":16},"end":{"line":346,"column":30}},"loc":{"start":{"line":346,"column":44},"end":{"line":391,"column":null}}},"21":{"name":"(anonymous_21)","decl":{"start":{"line":363,"column":19},"end":{"line":363,"column":28}},"loc":{"start":{"line":363,"column":28},"end":{"line":363,"column":null}}},"22":{"name":"guessType","decl":{"start":{"line":395,"column":34},"end":{"line":395,"column":44}},"loc":{"start":{"line":395,"column":54},"end":{"line":411,"column":null}}},"23":{"name":"getMatchingOption","decl":{"start":{"line":414,"column":16},"end":{"line":414,"column":null}},"loc":{"start":{"line":417,"column":49},"end":{"line":472,"column":null}}},"24":{"name":"(anonymous_24)","decl":{"start":{"line":433,"column":51},"end":{"line":433,"column":60}},"loc":{"start":{"line":433,"column":60},"end":{"line":433,"column":null}}}},"branchMap":{"0":{"loc":{"start":{"line":10,"column":9},"end":{"line":10,"column":38}},"type":"binary-expr","locations":[{"start":{"line":10,"column":9},"end":{"line":10,"column":38}},{"start":{"line":10,"column":38},"end":{"line":10,"column":56}},{"start":{"line":10,"column":56},"end":{"line":10,"column":62}}]},"1":{"loc":{"start":{"line":14,"column":9},"end":{"line":14,"column":18}},"type":"binary-expr","locations":[{"start":{"line":14,"column":9},"end":{"line":14,"column":18}},{"start":{"line":14,"column":28},"end":{"line":14,"column":null}}]},"2":{"loc":{"start":{"line":40,"column":59},"end":{"line":40,"column":63}},"type":"default-arg","locations":[{"start":{"line":40,"column":59},"end":{"line":40,"column":63}}]},"3":{"loc":{"start":{"line":40,"column":74},"end":{"line":40,"column":76}},"type":"default-arg","locations":[{"start":{"line":40,"column":74},"end":{"line":40,"column":76}}]},"4":{"loc":{"start":{"line":41,"column":2},"end":{"line":56,"column":null}},"type":"if","locations":[{"start":{"line":41,"column":2},"end":{"line":56,"column":null}},{"start":{"line":41,"column":2},"end":{"line":56,"column":null}}]},"5":{"loc":{"start":{"line":43,"column":9},"end":{"line":56,"column":null}},"type":"if","locations":[{"start":{"line":43,"column":9},"end":{"line":56,"column":null}},{"start":{"line":43,"column":9},"end":{"line":56,"column":null}}]},"6":{"loc":{"start":{"line":46,"column":9},"end":{"line":56,"column":null}},"type":"if","locations":[{"start":{"line":46,"column":9},"end":{"line":56,"column":null}},{"start":{"line":46,"column":9},"end":{"line":56,"column":null}}]},"7":{"loc":{"start":{"line":46,"column":13},"end":{"line":46,"column":28}},"type":"binary-expr","locations":[{"start":{"line":46,"column":13},"end":{"line":46,"column":28}},{"start":{"line":46,"column":48},"end":{"line":46,"column":53}}]},"8":{"loc":{"start":{"line":61,"column":15},"end":{"line":61,"column":null}},"type":"default-arg","locations":[{"start":{"line":61,"column":15},"end":{"line":61,"column":null}}]},"9":{"loc":{"start":{"line":62,"column":18},"end":{"line":62,"column":20}},"type":"default-arg","locations":[{"start":{"line":62,"column":18},"end":{"line":62,"column":20}}]},"10":{"loc":{"start":{"line":64,"column":2},"end":{"line":66,"column":null}},"type":"if","locations":[{"start":{"line":64,"column":2},"end":{"line":66,"column":null}},{"start":{"line":64,"column":2},"end":{"line":66,"column":null}}]},"11":{"loc":{"start":{"line":70,"column":2},"end":{"line":82,"column":null}},"type":"if","locations":[{"start":{"line":70,"column":2},"end":{"line":82,"column":null}},{"start":{"line":70,"column":2},"end":{"line":82,"column":null}}]},"12":{"loc":{"start":{"line":84,"column":4},"end":{"line":84,"column":18}},"type":"binary-expr","locations":[{"start":{"line":84,"column":4},"end":{"line":84,"column":18}},{"start":{"line":85,"column":4},"end":{"line":85,"column":null}}]},"13":{"loc":{"start":{"line":86,"column":2},"end":{"line":93,"column":null}},"type":"if","locations":[{"start":{"line":86,"column":2},"end":{"line":93,"column":null}},{"start":{"line":86,"column":2},"end":{"line":93,"column":null}}]},"14":{"loc":{"start":{"line":101,"column":15},"end":{"line":101,"column":null}},"type":"default-arg","locations":[{"start":{"line":101,"column":15},"end":{"line":101,"column":null}}]},"15":{"loc":{"start":{"line":102,"column":18},"end":{"line":102,"column":20}},"type":"default-arg","locations":[{"start":{"line":102,"column":18},"end":{"line":102,"column":20}}]},"16":{"loc":{"start":{"line":111,"column":4},"end":{"line":114,"column":null}},"type":"if","locations":[{"start":{"line":111,"column":4},"end":{"line":114,"column":null}},{"start":{"line":111,"column":4},"end":{"line":114,"column":null}}]},"17":{"loc":{"start":{"line":117,"column":4},"end":{"line":127,"column":null}},"type":"if","locations":[{"start":{"line":117,"column":4},"end":{"line":127,"column":null}},{"start":{"line":117,"column":4},"end":{"line":127,"column":null}}]},"18":{"loc":{"start":{"line":123,"column":11},"end":{"line":127,"column":null}},"type":"if","locations":[{"start":{"line":123,"column":11},"end":{"line":127,"column":null}},{"start":{"line":123,"column":11},"end":{"line":127,"column":null}}]},"19":{"loc":{"start":{"line":147,"column":64},"end":{"line":147,"column":66}},"type":"default-arg","locations":[{"start":{"line":147,"column":64},"end":{"line":147,"column":66}}]},"20":{"loc":{"start":{"line":149,"column":2},"end":{"line":154,"column":null}},"type":"if","locations":[{"start":{"line":149,"column":2},"end":{"line":154,"column":null}},{"start":{"line":149,"column":2},"end":{"line":154,"column":null}}]},"21":{"loc":{"start":{"line":156,"column":2},"end":{"line":158,"column":null}},"type":"if","locations":[{"start":{"line":156,"column":2},"end":{"line":158,"column":null}},{"start":{"line":156,"column":2},"end":{"line":158,"column":null}}]},"22":{"loc":{"start":{"line":159,"column":2},"end":{"line":162,"column":null}},"type":"if","locations":[{"start":{"line":159,"column":2},"end":{"line":162,"column":null}},{"start":{"line":159,"column":2},"end":{"line":162,"column":null}}]},"23":{"loc":{"start":{"line":172,"column":23},"end":{"line":172,"column":27}},"type":"default-arg","locations":[{"start":{"line":172,"column":23},"end":{"line":172,"column":27}}]},"24":{"loc":{"start":{"line":173,"column":2},"end":{"line":183,"column":null}},"type":"if","locations":[{"start":{"line":173,"column":2},"end":{"line":183,"column":null}},{"start":{"line":173,"column":2},"end":{"line":183,"column":null}}]},"25":{"loc":{"start":{"line":178,"column":9},"end":{"line":183,"column":null}},"type":"if","locations":[{"start":{"line":178,"column":9},"end":{"line":183,"column":null}},{"start":{"line":178,"column":9},"end":{"line":183,"column":null}}]},"26":{"loc":{"start":{"line":195,"column":4},"end":{"line":197,"column":null}},"type":"if","locations":[{"start":{"line":195,"column":4},"end":{"line":197,"column":null}},{"start":{"line":195,"column":4},"end":{"line":197,"column":null}}]},"27":{"loc":{"start":{"line":199,"column":4},"end":{"line":204,"column":null}},"type":"if","locations":[{"start":{"line":199,"column":4},"end":{"line":204,"column":null}},{"start":{"line":199,"column":4},"end":{"line":204,"column":null}}]},"28":{"loc":{"start":{"line":200,"column":6},"end":{"line":200,"column":null}},"type":"binary-expr","locations":[{"start":{"line":200,"column":6},"end":{"line":200,"column":null}},{"start":{"line":201,"column":6},"end":{"line":201,"column":8}}]},"29":{"loc":{"start":{"line":207,"column":4},"end":{"line":217,"column":null}},"type":"if","locations":[{"start":{"line":207,"column":4},"end":{"line":217,"column":null}},{"start":{"line":207,"column":4},"end":{"line":217,"column":null}}]},"30":{"loc":{"start":{"line":209,"column":11},"end":{"line":217,"column":null}},"type":"if","locations":[{"start":{"line":209,"column":11},"end":{"line":217,"column":null}},{"start":{"line":209,"column":11},"end":{"line":217,"column":null}}]},"31":{"loc":{"start":{"line":229,"column":2},"end":{"line":231,"column":null}},"type":"if","locations":[{"start":{"line":229,"column":2},"end":{"line":231,"column":null}},{"start":{"line":229,"column":2},"end":{"line":231,"column":null}}]},"32":{"loc":{"start":{"line":233,"column":6},"end":{"line":233,"column":11}},"type":"cond-expr","locations":[{"start":{"line":233,"column":6},"end":{"line":233,"column":11}},{"start":{"line":234,"column":6},"end":{"line":234,"column":null}}]},"33":{"loc":{"start":{"line":253,"column":2},"end":{"line":257,"column":null}},"type":"if","locations":[{"start":{"line":253,"column":2},"end":{"line":257,"column":null}},{"start":{"line":253,"column":2},"end":{"line":257,"column":null}}]},"34":{"loc":{"start":{"line":255,"column":9},"end":{"line":257,"column":null}},"type":"if","locations":[{"start":{"line":255,"column":9},"end":{"line":257,"column":null}},{"start":{"line":255,"column":9},"end":{"line":257,"column":null}}]},"35":{"loc":{"start":{"line":261,"column":8},"end":{"line":261,"column":25}},"type":"cond-expr","locations":[{"start":{"line":261,"column":8},"end":{"line":261,"column":25}},{"start":{"line":262,"column":8},"end":{"line":262,"column":null}}]},"36":{"loc":{"start":{"line":281,"column":4},"end":{"line":283,"column":null}},"type":"if","locations":[{"start":{"line":281,"column":4},"end":{"line":283,"column":null}},{"start":{"line":281,"column":4},"end":{"line":283,"column":null}}]},"37":{"loc":{"start":{"line":285,"column":4},"end":{"line":295,"column":null}},"type":"if","locations":[{"start":{"line":285,"column":4},"end":{"line":295,"column":null}},{"start":{"line":285,"column":4},"end":{"line":295,"column":null}}]},"38":{"loc":{"start":{"line":294,"column":13},"end":{"line":294,"column":24}},"type":"binary-expr","locations":[{"start":{"line":294,"column":13},"end":{"line":294,"column":24}},{"start":{"line":294,"column":24},"end":{"line":294,"column":null}}]},"39":{"loc":{"start":{"line":297,"column":2},"end":{"line":302,"column":null}},"type":"if","locations":[{"start":{"line":297,"column":2},"end":{"line":302,"column":null}},{"start":{"line":297,"column":2},"end":{"line":302,"column":null}}]},"40":{"loc":{"start":{"line":323,"column":24},"end":{"line":323,"column":29}},"type":"cond-expr","locations":[{"start":{"line":323,"column":24},"end":{"line":323,"column":29}},{"start":{"line":323,"column":36},"end":{"line":323,"column":null}}]},"41":{"loc":{"start":{"line":325,"column":4},"end":{"line":340,"column":null}},"type":"if","locations":[{"start":{"line":325,"column":4},"end":{"line":340,"column":null}},{"start":{"line":325,"column":4},"end":{"line":340,"column":null}}]},"42":{"loc":{"start":{"line":325,"column":8},"end":{"line":325,"column":12}},"type":"binary-expr","locations":[{"start":{"line":325,"column":8},"end":{"line":325,"column":12}},{"start":{"line":325,"column":16},"end":{"line":325,"column":31}},{"start":{"line":325,"column":45},"end":{"line":325,"column":54}}]},"43":{"loc":{"start":{"line":327,"column":11},"end":{"line":340,"column":null}},"type":"if","locations":[{"start":{"line":327,"column":11},"end":{"line":340,"column":null}},{"start":{"line":327,"column":11},"end":{"line":340,"column":null}}]},"44":{"loc":{"start":{"line":328,"column":6},"end":{"line":328,"column":10}},"type":"binary-expr","locations":[{"start":{"line":328,"column":6},"end":{"line":328,"column":10}},{"start":{"line":329,"column":6},"end":{"line":329,"column":null}},{"start":{"line":330,"column":7},"end":{"line":330,"column":43}},{"start":{"line":330,"column":43},"end":{"line":330,"column":null}},{"start":{"line":331,"column":6},"end":{"line":331,"column":null}},{"start":{"line":332,"column":6},"end":{"line":332,"column":11}},{"start":{"line":333,"column":6},"end":{"line":333,"column":11}}]},"45":{"loc":{"start":{"line":349,"column":2},"end":{"line":351,"column":null}},"type":"if","locations":[{"start":{"line":349,"column":2},"end":{"line":351,"column":null}},{"start":{"line":349,"column":2},"end":{"line":351,"column":null}}]},"46":{"loc":{"start":{"line":349,"column":6},"end":{"line":349,"column":15}},"type":"binary-expr","locations":[{"start":{"line":349,"column":6},"end":{"line":349,"column":15}},{"start":{"line":349,"column":15},"end":{"line":349,"column":29}}]},"47":{"loc":{"start":{"line":353,"column":2},"end":{"line":355,"column":null}},"type":"if","locations":[{"start":{"line":353,"column":2},"end":{"line":355,"column":null}},{"start":{"line":353,"column":2},"end":{"line":355,"column":null}}]},"48":{"loc":{"start":{"line":353,"column":6},"end":{"line":353,"column":15}},"type":"binary-expr","locations":[{"start":{"line":353,"column":6},"end":{"line":353,"column":15}},{"start":{"line":353,"column":15},"end":{"line":353,"column":28}}]},"49":{"loc":{"start":{"line":357,"column":2},"end":{"line":359,"column":null}},"type":"if","locations":[{"start":{"line":357,"column":2},"end":{"line":359,"column":null}},{"start":{"line":357,"column":2},"end":{"line":359,"column":null}}]},"50":{"loc":{"start":{"line":357,"column":6},"end":{"line":357,"column":16}},"type":"binary-expr","locations":[{"start":{"line":357,"column":6},"end":{"line":357,"column":16}},{"start":{"line":357,"column":16},"end":{"line":357,"column":37}},{"start":{"line":357,"column":37},"end":{"line":357,"column":67}}]},"51":{"loc":{"start":{"line":362,"column":2},"end":{"line":364,"column":null}},"type":"if","locations":[{"start":{"line":362,"column":2},"end":{"line":364,"column":null}},{"start":{"line":362,"column":2},"end":{"line":364,"column":null}}]},"52":{"loc":{"start":{"line":362,"column":6},"end":{"line":362,"column":28}},"type":"binary-expr","locations":[{"start":{"line":362,"column":6},"end":{"line":362,"column":28}},{"start":{"line":362,"column":28},"end":{"line":362,"column":46}},{"start":{"line":362,"column":46},"end":{"line":362,"column":47}}]},"53":{"loc":{"start":{"line":396,"column":2},"end":{"line":408,"column":null}},"type":"if","locations":[{"start":{"line":396,"column":2},"end":{"line":408,"column":null}},{"start":{"line":396,"column":2},"end":{"line":408,"column":null}}]},"54":{"loc":{"start":{"line":398,"column":9},"end":{"line":408,"column":null}},"type":"if","locations":[{"start":{"line":398,"column":9},"end":{"line":408,"column":null}},{"start":{"line":398,"column":9},"end":{"line":408,"column":null}}]},"55":{"loc":{"start":{"line":400,"column":9},"end":{"line":408,"column":null}},"type":"if","locations":[{"start":{"line":400,"column":9},"end":{"line":408,"column":null}},{"start":{"line":400,"column":9},"end":{"line":408,"column":null}}]},"56":{"loc":{"start":{"line":402,"column":9},"end":{"line":408,"column":null}},"type":"if","locations":[{"start":{"line":402,"column":9},"end":{"line":408,"column":null}},{"start":{"line":402,"column":9},"end":{"line":408,"column":null}}]},"57":{"loc":{"start":{"line":404,"column":9},"end":{"line":408,"column":null}},"type":"if","locations":[{"start":{"line":404,"column":9},"end":{"line":408,"column":null}},{"start":{"line":404,"column":9},"end":{"line":408,"column":null}}]},"58":{"loc":{"start":{"line":406,"column":9},"end":{"line":408,"column":null}},"type":"if","locations":[{"start":{"line":406,"column":9},"end":{"line":408,"column":null}},{"start":{"line":406,"column":9},"end":{"line":408,"column":null}}]},"59":{"loc":{"start":{"line":429,"column":4},"end":{"line":469,"column":null}},"type":"if","locations":[{"start":{"line":429,"column":4},"end":{"line":469,"column":null}},{"start":{"line":429,"column":4},"end":{"line":469,"column":null}}]},"60":{"loc":{"start":{"line":441,"column":6},"end":{"line":458,"column":null}},"type":"if","locations":[{"start":{"line":441,"column":6},"end":{"line":458,"column":null}},{"start":{"line":441,"column":6},"end":{"line":458,"column":null}}]},"61":{"loc":{"start":{"line":445,"column":8},"end":{"line":450,"column":null}},"type":"if","locations":[{"start":{"line":445,"column":8},"end":{"line":450,"column":null}},{"start":{"line":445,"column":8},"end":{"line":450,"column":null}}]},"62":{"loc":{"start":{"line":464,"column":6},"end":{"line":466,"column":null}},"type":"if","locations":[{"start":{"line":464,"column":6},"end":{"line":466,"column":null}},{"start":{"line":464,"column":6},"end":{"line":466,"column":null}}]},"63":{"loc":{"start":{"line":467,"column":11},"end":{"line":469,"column":null}},"type":"if","locations":[{"start":{"line":467,"column":11},"end":{"line":469,"column":null}},{"start":{"line":467,"column":11},"end":{"line":469,"column":null}}]}},"s":{"0":3,"1":3,"2":3,"3":3,"4":28,"5":0,"6":57,"7":3,"8":0,"9":0,"10":19,"11":0,"12":19,"13":0,"14":0,"15":19,"16":0,"17":0,"18":19,"19":19,"20":0,"21":19,"22":19,"23":0,"24":0,"25":0,"26":0,"27":0,"28":19,"29":19,"30":0,"31":19,"32":3,"33":0,"34":0,"35":0,"36":0,"37":0,"38":0,"39":0,"40":0,"41":0,"42":0,"43":0,"44":0,"45":0,"46":0,"47":0,"48":0,"49":0,"50":0,"51":0,"52":0,"53":0,"54":0,"55":0,"56":0,"57":0,"58":0,"59":0,"60":0,"61":0,"62":0,"63":0,"64":0,"65":0,"66":0,"67":0,"68":0,"69":0,"70":0,"71":0,"72":0,"73":0,"74":0,"75":0,"76":0,"77":0,"78":0,"79":0,"80":0,"81":0,"82":0,"83":0,"84":0,"85":0,"86":0,"87":0,"88":0,"89":0,"90":0,"91":0,"92":0,"93":0,"94":0,"95":0,"96":0,"97":0,"98":0,"99":0,"100":0,"101":0,"102":0,"103":0,"104":0,"105":0,"106":0,"107":0,"108":0,"109":0,"110":0,"111":0,"112":0,"113":0,"114":0,"115":0,"116":0,"117":0,"118":0,"119":0,"120":0,"121":0,"122":0,"123":0,"124":0,"125":0,"126":3,"127":0,"128":0,"129":0,"130":0,"131":0,"132":0,"133":0,"134":0,"135":0,"136":0,"137":0,"138":0,"139":0,"140":0,"141":0,"142":0,"143":0,"144":0,"145":0,"146":0,"147":0,"148":0,"149":0,"150":0,"151":0,"152":0,"153":0,"154":0,"155":0,"156":0,"157":0,"158":0,"159":0},"f":{"0":28,"1":0,"2":57,"3":0,"4":19,"5":0,"6":19,"7":0,"8":0,"9":0,"10":0,"11":0,"12":0,"13":0,"14":0,"15":0,"16":0,"17":0,"18":0,"19":0,"20":0,"21":0,"22":0,"23":0,"24":0},"b":{"0":[28,28,28],"1":[0,0],"2":[0],"3":[0],"4":[0,19],"5":[0,19],"6":[0,19],"7":[19,0],"8":[0],"9":[8],"10":[0,19],"11":[0,19],"12":[19,0],"13":[0,19],"14":[0],"15":[0],"16":[0,0],"17":[0,0],"18":[0,0],"19":[0],"20":[0,0],"21":[0,0],"22":[0,0],"23":[0],"24":[0,0],"25":[0,0],"26":[0,0],"27":[0,0],"28":[0,0],"29":[0,0],"30":[0,0],"31":[0,0],"32":[0,0],"33":[0,0],"34":[0,0],"35":[0,0],"36":[0,0],"37":[0,0],"38":[0,0],"39":[0,0],"40":[0,0],"41":[0,0],"42":[0,0,0],"43":[0,0],"44":[0,0,0,0,0,0,0],"45":[0,0],"46":[0,0],"47":[0,0],"48":[0,0],"49":[0,0],"50":[0,0,0],"51":[0,0],"52":[0,0,0],"53":[0,0],"54":[0,0],"55":[0,0],"56":[0,0],"57":[0,0],"58":[0,0],"59":[0,0],"60":[0,0],"61":[0,0],"62":[0,0],"63":[0,0]}}
,"/Users/n-feng/Documents/nfeng-vue3-jsonschema-form/lib/fields/ArrayField.tsx": {"path":"/Users/n-feng/Documents/nfeng-vue3-jsonschema-form/lib/fields/ArrayField.tsx","statementMap":{"0":{"start":{"line":1,"column":0},"end":{"line":1,"column":null}},"1":{"start":{"line":2,"column":0},"end":{"line":2,"column":null}},"2":{"start":{"line":4,"column":0},"end":{"line":4,"column":null}},"3":{"start":{"line":6,"column":0},"end":{"line":6,"column":null}},"4":{"start":{"line":8,"column":18},"end":{"line":8,"column":34}},"5":{"start":{"line":27,"column":25},"end":{"line":27,"column":41}},"6":{"start":{"line":52,"column":23},"end":{"line":52,"column":null}},"7":{"start":{"line":54,"column":22},"end":{"line":54,"column":33}},"8":{"start":{"line":54,"column":28},"end":{"line":54,"column":33}},"9":{"start":{"line":55,"column":23},"end":{"line":55,"column":34}},"10":{"start":{"line":55,"column":29},"end":{"line":55,"column":34}},"11":{"start":{"line":56,"column":21},"end":{"line":56,"column":32}},"12":{"start":{"line":56,"column":27},"end":{"line":56,"column":32}},"13":{"start":{"line":57,"column":25},"end":{"line":57,"column":36}},"14":{"start":{"line":57,"column":31},"end":{"line":57,"column":36}},"15":{"start":{"line":59,"column":4},"end":{"line":59,"column":11}},"16":{"start":{"line":60,"column":22},"end":{"line":60,"column":null}},"17":{"start":{"line":61,"column":6},"end":{"line":61,"column":null}},"18":{"start":{"line":84,"column":15},"end":{"line":84,"column":31}},"19":{"start":{"line":88,"column":20},"end":{"line":88,"column":null}},"20":{"start":{"line":90,"column":34},"end":{"line":96,"column":null}},"21":{"start":{"line":91,"column":24},"end":{"line":91,"column":null}},"22":{"start":{"line":92,"column":18},"end":{"line":92,"column":null}},"23":{"start":{"line":94,"column":6},"end":{"line":94,"column":9}},"24":{"start":{"line":95,"column":6},"end":{"line":95,"column":11}},"25":{"start":{"line":98,"column":23},"end":{"line":104,"column":null}},"26":{"start":{"line":99,"column":24},"end":{"line":99,"column":null}},"27":{"start":{"line":100,"column":18},"end":{"line":100,"column":null}},"28":{"start":{"line":102,"column":6},"end":{"line":102,"column":9}},"29":{"start":{"line":103,"column":6},"end":{"line":103,"column":11}},"30":{"start":{"line":106,"column":26},"end":{"line":112,"column":null}},"31":{"start":{"line":107,"column":24},"end":{"line":107,"column":null}},"32":{"start":{"line":108,"column":18},"end":{"line":108,"column":null}},"33":{"start":{"line":110,"column":6},"end":{"line":110,"column":9}},"34":{"start":{"line":111,"column":6},"end":{"line":111,"column":11}},"35":{"start":{"line":114,"column":22},"end":{"line":123,"column":null}},"36":{"start":{"line":115,"column":6},"end":{"line":115,"column":null}},"37":{"start":{"line":115,"column":23},"end":{"line":115,"column":null}},"38":{"start":{"line":116,"column":24},"end":{"line":116,"column":null}},"39":{"start":{"line":117,"column":18},"end":{"line":117,"column":null}},"40":{"start":{"line":119,"column":19},"end":{"line":119,"column":22}},"41":{"start":{"line":120,"column":6},"end":{"line":120,"column":9}},"42":{"start":{"line":122,"column":6},"end":{"line":122,"column":11}},"43":{"start":{"line":125,"column":24},"end":{"line":135,"column":null}},"44":{"start":{"line":126,"column":24},"end":{"line":126,"column":null}},"45":{"start":{"line":127,"column":18},"end":{"line":127,"column":null}},"46":{"start":{"line":129,"column":6},"end":{"line":129,"column":null}},"47":{"start":{"line":129,"column":36},"end":{"line":129,"column":null}},"48":{"start":{"line":131,"column":19},"end":{"line":131,"column":22}},"49":{"start":{"line":132,"column":6},"end":{"line":132,"column":9}},"50":{"start":{"line":134,"column":6},"end":{"line":134,"column":11}},"51":{"start":{"line":137,"column":4},"end":{"line":137,"column":11}},"52":{"start":{"line":138,"column":44},"end":{"line":138,"column":null}},"53":{"start":{"line":140,"column":25},"end":{"line":140,"column":null}},"54":{"start":{"line":142,"column":26},"end":{"line":142,"column":31}},"55":{"start":{"line":143,"column":23},"end":{"line":143,"column":null}},"56":{"start":{"line":144,"column":6},"end":{"line":144,"column":13}},"57":{"start":{"line":146,"column":6},"end":{"line":180,"column":null}},"58":{"start":{"line":147,"column":32},"end":{"line":147,"column":null}},"59":{"start":{"line":148,"column":20},"end":{"line":148,"column":null}},"60":{"start":{"line":149,"column":8},"end":{"line":149,"column":15}},"61":{"start":{"line":149,"column":25},"end":{"line":149,"column":26}},"62":{"start":{"line":155,"column":34},"end":{"line":155,"column":56}},"63":{"start":{"line":158,"column":13},"end":{"line":180,"column":null}},"64":{"start":{"line":159,"column":20},"end":{"line":159,"column":null}},"65":{"start":{"line":161,"column":8},"end":{"line":161,"column":15}},"66":{"start":{"line":162,"column":10},"end":{"line":162,"column":null}},"67":{"start":{"line":175,"column":38},"end":{"line":175,"column":60}},"68":{"start":{"line":182,"column":6},"end":{"line":182,"column":null}}},"fnMap":{"0":{"name":"(anonymous_0)","decl":{"start":{"line":51,"column":2},"end":{"line":51,"column":7}},"loc":{"start":{"line":51,"column":24},"end":{"line":81,"column":null}}},"1":{"name":"(anonymous_1)","decl":{"start":{"line":54,"column":22},"end":{"line":54,"column":28}},"loc":{"start":{"line":54,"column":28},"end":{"line":54,"column":33}}},"2":{"name":"(anonymous_2)","decl":{"start":{"line":55,"column":23},"end":{"line":55,"column":29}},"loc":{"start":{"line":55,"column":29},"end":{"line":55,"column":34}}},"3":{"name":"(anonymous_3)","decl":{"start":{"line":56,"column":21},"end":{"line":56,"column":27}},"loc":{"start":{"line":56,"column":27},"end":{"line":56,"column":32}}},"4":{"name":"(anonymous_4)","decl":{"start":{"line":57,"column":25},"end":{"line":57,"column":31}},"loc":{"start":{"line":57,"column":31},"end":{"line":57,"column":36}}},"5":{"name":"(anonymous_5)","decl":{"start":{"line":59,"column":11},"end":{"line":59,"column":16}},"loc":{"start":{"line":59,"column":16},"end":{"line":80,"column":null}}},"6":{"name":"(anonymous_6)","decl":{"start":{"line":87,"column":2},"end":{"line":87,"column":7}},"loc":{"start":{"line":87,"column":13},"end":{"line":184,"column":null}}},"7":{"name":"(anonymous_7)","decl":{"start":{"line":90,"column":34},"end":{"line":90,"column":35}},"loc":{"start":{"line":90,"column":60},"end":{"line":96,"column":null}}},"8":{"name":"(anonymous_8)","decl":{"start":{"line":98,"column":23},"end":{"line":98,"column":40}},"loc":{"start":{"line":98,"column":40},"end":{"line":104,"column":null}}},"9":{"name":"(anonymous_9)","decl":{"start":{"line":106,"column":26},"end":{"line":106,"column":43}},"loc":{"start":{"line":106,"column":43},"end":{"line":112,"column":null}}},"10":{"name":"(anonymous_10)","decl":{"start":{"line":114,"column":22},"end":{"line":114,"column":39}},"loc":{"start":{"line":114,"column":39},"end":{"line":123,"column":null}}},"11":{"name":"(anonymous_11)","decl":{"start":{"line":125,"column":24},"end":{"line":125,"column":41}},"loc":{"start":{"line":125,"column":41},"end":{"line":135,"column":null}}},"12":{"name":"(anonymous_12)","decl":{"start":{"line":137,"column":11},"end":{"line":137,"column":16}},"loc":{"start":{"line":137,"column":16},"end":{"line":183,"column":null}}},"13":{"name":"(anonymous_13)","decl":{"start":{"line":149,"column":25},"end":{"line":149,"column":26}},"loc":{"start":{"line":149,"column":25},"end":{"line":149,"column":26}}},"14":{"name":"(anonymous_14)","decl":{"start":{"line":155,"column":23},"end":{"line":155,"column":34}},"loc":{"start":{"line":155,"column":34},"end":{"line":155,"column":56}}},"15":{"name":"(anonymous_15)","decl":{"start":{"line":161,"column":23},"end":{"line":161,"column":24}},"loc":{"start":{"line":161,"column":49},"end":{"line":179,"column":null}}},"16":{"name":"(anonymous_16)","decl":{"start":{"line":162,"column":10},"end":{"line":162,"column":null}},"loc":{"start":{"line":162,"column":10},"end":{"line":162,"column":null}}},"17":{"name":"(anonymous_17)","decl":{"start":{"line":175,"column":27},"end":{"line":175,"column":38}},"loc":{"start":{"line":175,"column":38},"end":{"line":175,"column":60}}}},"branchMap":{"0":{"loc":{"start":{"line":77,"column":40},"end":{"line":77,"column":57}},"type":"binary-expr","locations":[{"start":{"line":77,"column":40},"end":{"line":77,"column":57}},{"start":{"line":77,"column":57},"end":{"line":77,"column":62}}]},"1":{"loc":{"start":{"line":92,"column":41},"end":{"line":92,"column":49}},"type":"cond-expr","locations":[{"start":{"line":92,"column":41},"end":{"line":92,"column":49}},{"start":{"line":92,"column":49},"end":{"line":92,"column":null}}]},"2":{"loc":{"start":{"line":100,"column":41},"end":{"line":100,"column":49}},"type":"cond-expr","locations":[{"start":{"line":100,"column":41},"end":{"line":100,"column":49}},{"start":{"line":100,"column":49},"end":{"line":100,"column":null}}]},"3":{"loc":{"start":{"line":108,"column":41},"end":{"line":108,"column":49}},"type":"cond-expr","locations":[{"start":{"line":108,"column":41},"end":{"line":108,"column":49}},{"start":{"line":108,"column":49},"end":{"line":108,"column":null}}]},"4":{"loc":{"start":{"line":115,"column":6},"end":{"line":115,"column":null}},"type":"if","locations":[{"start":{"line":115,"column":6},"end":{"line":115,"column":null}},{"start":{"line":115,"column":6},"end":{"line":115,"column":null}}]},"5":{"loc":{"start":{"line":117,"column":41},"end":{"line":117,"column":49}},"type":"cond-expr","locations":[{"start":{"line":117,"column":41},"end":{"line":117,"column":49}},{"start":{"line":117,"column":49},"end":{"line":117,"column":null}}]},"6":{"loc":{"start":{"line":127,"column":41},"end":{"line":127,"column":49}},"type":"cond-expr","locations":[{"start":{"line":127,"column":41},"end":{"line":127,"column":49}},{"start":{"line":127,"column":49},"end":{"line":127,"column":null}}]},"7":{"loc":{"start":{"line":129,"column":6},"end":{"line":129,"column":null}},"type":"if","locations":[{"start":{"line":129,"column":6},"end":{"line":129,"column":null}},{"start":{"line":129,"column":6},"end":{"line":129,"column":null}}]},"8":{"loc":{"start":{"line":143,"column":23},"end":{"line":143,"column":40}},"type":"binary-expr","locations":[{"start":{"line":143,"column":23},"end":{"line":143,"column":40}},{"start":{"line":143,"column":40},"end":{"line":143,"column":null}}]},"9":{"loc":{"start":{"line":146,"column":6},"end":{"line":180,"column":null}},"type":"if","locations":[{"start":{"line":146,"column":6},"end":{"line":180,"column":null}},{"start":{"line":146,"column":6},"end":{"line":180,"column":null}}]},"10":{"loc":{"start":{"line":148,"column":43},"end":{"line":148,"column":51}},"type":"cond-expr","locations":[{"start":{"line":148,"column":43},"end":{"line":148,"column":51}},{"start":{"line":148,"column":51},"end":{"line":148,"column":null}}]},"11":{"loc":{"start":{"line":158,"column":13},"end":{"line":180,"column":null}},"type":"if","locations":[{"start":{"line":158,"column":13},"end":{"line":180,"column":null}},{"start":{"line":158,"column":13},"end":{"line":180,"column":null}}]},"12":{"loc":{"start":{"line":159,"column":43},"end":{"line":159,"column":51}},"type":"cond-expr","locations":[{"start":{"line":159,"column":43},"end":{"line":159,"column":51}},{"start":{"line":159,"column":51},"end":{"line":159,"column":null}}]}},"s":{"0":3,"1":3,"2":3,"3":3,"4":3,"5":3,"6":2,"7":2,"8":0,"9":2,"10":0,"11":2,"12":0,"13":2,"14":0,"15":2,"16":2,"17":2,"18":3,"19":2,"20":2,"21":0,"22":0,"23":0,"24":0,"25":2,"26":0,"27":0,"28":0,"29":0,"30":2,"31":0,"32":0,"33":0,"34":0,"35":2,"36":0,"37":0,"38":0,"39":0,"40":0,"41":0,"42":0,"43":2,"44":0,"45":0,"46":0,"47":0,"48":0,"49":0,"50":0,"51":2,"52":2,"53":2,"54":2,"55":2,"56":2,"57":2,"58":1,"59":1,"60":1,"61":2,"62":0,"63":1,"64":1,"65":1,"66":4,"67":0,"68":0},"f":{"0":2,"1":0,"2":0,"3":0,"4":0,"5":2,"6":2,"7":0,"8":0,"9":0,"10":0,"11":0,"12":2,"13":2,"14":0,"15":2,"16":2,"17":0},"b":{"0":[2,2],"1":[0,0],"2":[0,0],"3":[0,0],"4":[0,0],"5":[0,0],"6":[0,0],"7":[0,0],"8":[2,2],"9":[1,1],"10":[1,0],"11":[1,0],"12":[1,0]}}
,"/Users/n-feng/Documents/nfeng-vue3-jsonschema-form/lib/fields/NumberField.tsx": {"path":"/Users/n-feng/Documents/nfeng-vue3-jsonschema-form/lib/fields/NumberField.tsx","statementMap":{"0":{"start":{"line":2,"column":0},"end":{"line":2,"column":null}},"1":{"start":{"line":1,"column":0},"end":{"line":1,"column":null}},"2":{"start":{"line":4,"column":15},"end":{"line":4,"column":31}},"3":{"start":{"line":8,"column":26},"end":{"line":18,"column":null}},"4":{"start":{"line":9,"column":20},"end":{"line":9,"column":null}},"5":{"start":{"line":11,"column":18},"end":{"line":11,"column":25}},"6":{"start":{"line":13,"column":6},"end":{"line":17,"column":null}},"7":{"start":{"line":14,"column":8},"end":{"line":14,"column":13}},"8":{"start":{"line":16,"column":8},"end":{"line":16,"column":13}},"9":{"start":{"line":19,"column":4},"end":{"line":19,"column":11}},"10":{"start":{"line":19,"column":11},"end":{"line":19,"column":null}}},"fnMap":{"0":{"name":"(anonymous_0)","decl":{"start":{"line":7,"column":2},"end":{"line":7,"column":7}},"loc":{"start":{"line":7,"column":13},"end":{"line":22,"column":null}}},"1":{"name":"(anonymous_1)","decl":{"start":{"line":8,"column":26},"end":{"line":8,"column":36}},"loc":{"start":{"line":8,"column":36},"end":{"line":18,"column":null}}},"2":{"name":"(anonymous_2)","decl":{"start":{"line":19,"column":11},"end":{"line":19,"column":null}},"loc":{"start":{"line":19,"column":11},"end":{"line":19,"column":null}}}},"branchMap":{"0":{"loc":{"start":{"line":13,"column":6},"end":{"line":17,"column":null}},"type":"if","locations":[{"start":{"line":13,"column":6},"end":{"line":17,"column":null}},{"start":{"line":13,"column":6},"end":{"line":17,"column":null}}]}},"s":{"0":3,"1":3,"2":3,"3":5,"4":1,"5":1,"6":1,"7":0,"8":1,"9":5,"10":8},"f":{"0":5,"1":1,"2":8},"b":{"0":[0,1]}}
,"/Users/n-feng/Documents/nfeng-vue3-jsonschema-form/lib/fields/ObjectField.tsx": {"path":"/Users/n-feng/Documents/nfeng-vue3-jsonschema-form/lib/fields/ObjectField.tsx","statementMap":{"0":{"start":{"line":1,"column":0},"end":{"line":1,"column":null}},"1":{"start":{"line":3,"column":0},"end":{"line":3,"column":null}},"2":{"start":{"line":4,"column":0},"end":{"line":4,"column":null}},"3":{"start":{"line":5,"column":0},"end":{"line":5,"column":null}},"4":{"start":{"line":11,"column":15},"end":{"line":11,"column":null}},"5":{"start":{"line":23,"column":15},"end":{"line":23,"column":31}},"6":{"start":{"line":27,"column":20},"end":{"line":27,"column":null}},"7":{"start":{"line":29,"column":36},"end":{"line":39,"column":null}},"8":{"start":{"line":30,"column":25},"end":{"line":30,"column":null}},"9":{"start":{"line":32,"column":6},"end":{"line":36,"column":null}},"10":{"start":{"line":33,"column":8},"end":{"line":33,"column":15}},"11":{"start":{"line":35,"column":8},"end":{"line":35,"column":13}},"12":{"start":{"line":38,"column":6},"end":{"line":38,"column":11}},"13":{"start":{"line":41,"column":4},"end":{"line":41,"column":11}},"14":{"start":{"line":42,"column":44},"end":{"line":42,"column":null}},"15":{"start":{"line":44,"column":29},"end":{"line":44,"column":null}},"16":{"start":{"line":46,"column":25},"end":{"line":46,"column":null}},"17":{"start":{"line":48,"column":32},"end":{"line":48,"column":null}},"18":{"start":{"line":50,"column":6},"end":{"line":50,"column":13}},"19":{"start":{"line":50,"column":41},"end":{"line":50,"column":42}},"20":{"start":{"line":56,"column":32},"end":{"line":56,"column":56}}},"fnMap":{"0":{"name":"(anonymous_0)","decl":{"start":{"line":26,"column":2},"end":{"line":26,"column":7}},"loc":{"start":{"line":26,"column":13},"end":{"line":60,"column":null}}},"1":{"name":"(anonymous_1)","decl":{"start":{"line":29,"column":36},"end":{"line":29,"column":37}},"loc":{"start":{"line":29,"column":63},"end":{"line":39,"column":null}}},"2":{"name":"(anonymous_2)","decl":{"start":{"line":41,"column":11},"end":{"line":41,"column":16}},"loc":{"start":{"line":41,"column":16},"end":{"line":59,"column":null}}},"3":{"name":"(anonymous_3)","decl":{"start":{"line":50,"column":41},"end":{"line":50,"column":42}},"loc":{"start":{"line":50,"column":41},"end":{"line":50,"column":42}}},"4":{"name":"(anonymous_4)","decl":{"start":{"line":56,"column":21},"end":{"line":56,"column":32}},"loc":{"start":{"line":56,"column":32},"end":{"line":56,"column":56}}}},"branchMap":{"0":{"loc":{"start":{"line":30,"column":49},"end":{"line":30,"column":63}},"type":"cond-expr","locations":[{"start":{"line":30,"column":49},"end":{"line":30,"column":63}},{"start":{"line":30,"column":63},"end":{"line":30,"column":null}}]},"1":{"loc":{"start":{"line":32,"column":6},"end":{"line":36,"column":null}},"type":"if","locations":[{"start":{"line":32,"column":6},"end":{"line":36,"column":null}},{"start":{"line":32,"column":6},"end":{"line":36,"column":null}}]},"2":{"loc":{"start":{"line":46,"column":25},"end":{"line":46,"column":46}},"type":"binary-expr","locations":[{"start":{"line":46,"column":25},"end":{"line":46,"column":46}},{"start":{"line":46,"column":46},"end":{"line":46,"column":null}}]},"3":{"loc":{"start":{"line":48,"column":50},"end":{"line":48,"column":58}},"type":"cond-expr","locations":[{"start":{"line":48,"column":50},"end":{"line":48,"column":58}},{"start":{"line":48,"column":58},"end":{"line":48,"column":null}}]}},"s":{"0":3,"1":3,"2":3,"3":3,"4":3,"5":3,"6":3,"7":3,"8":3,"9":3,"10":1,"11":2,"12":3,"13":3,"14":6,"15":6,"16":6,"17":6,"18":6,"19":12,"20":3},"f":{"0":3,"1":3,"2":6,"3":12,"4":3},"b":{"0":[3,0],"1":[1,2],"2":[6,0],"3":[6,0]}}
,"/Users/n-feng/Documents/nfeng-vue3-jsonschema-form/lib/fields/StringField.tsx": {"path":"/Users/n-feng/Documents/nfeng-vue3-jsonschema-form/lib/fields/StringField.tsx","statementMap":{"0":{"start":{"line":2,"column":0},"end":{"line":2,"column":null}},"1":{"start":{"line":1,"column":0},"end":{"line":1,"column":null}},"2":{"start":{"line":4,"column":15},"end":{"line":4,"column":31}},"3":{"start":{"line":8,"column":26},"end":{"line":11,"column":null}},"4":{"start":{"line":9,"column":20},"end":{"line":9,"column":null}},"5":{"start":{"line":10,"column":6},"end":{"line":10,"column":11}},"6":{"start":{"line":12,"column":4},"end":{"line":12,"column":11}},"7":{"start":{"line":12,"column":11},"end":{"line":12,"column":null}}},"fnMap":{"0":{"name":"(anonymous_0)","decl":{"start":{"line":7,"column":2},"end":{"line":7,"column":7}},"loc":{"start":{"line":7,"column":13},"end":{"line":15,"column":null}}},"1":{"name":"(anonymous_1)","decl":{"start":{"line":8,"column":26},"end":{"line":8,"column":36}},"loc":{"start":{"line":8,"column":36},"end":{"line":11,"column":null}}},"2":{"name":"(anonymous_2)","decl":{"start":{"line":12,"column":11},"end":{"line":12,"column":null}},"loc":{"start":{"line":12,"column":11},"end":{"line":12,"column":null}}}},"branchMap":{},"s":{"0":3,"1":3,"2":3,"3":6,"4":0,"5":0,"6":6,"7":9},"f":{"0":6,"1":0,"2":9},"b":{}}
}
