TN:
SF:/Users/n-feng/Documents/nfeng-vue3-jsonschema-form/lib/SchemaForm.tsx
FN:23,(anonymous_0)
FN:24,(anonymous_1)
FN:34,(anonymous_2)
FNF:3
FNH:3
FNDA:6,(anonymous_0)
FNDA:4,(anonymous_1)
FNDA:6,(anonymous_2)
DA:1,3
DA:5,3
DA:6,3
DA:8,3
DA:24,6
DA:25,4
DA:28,6
DA:32,6
DA:34,6
DA:35,6
DA:36,6
LF:11
LH:11
BRF:0
BRH:0
end_of_record
TN:
SF:/Users/n-feng/Documents/nfeng-vue3-jsonschema-form/lib/SchemaItem.tsx
FN:15,(anonymous_0)
FN:16,(anonymous_1)
FN:21,(anonymous_2)
FNF:3
FNH:3
FNDA:16,(anonymous_0)
FNDA:19,(anonymous_1)
FNDA:22,(anonymous_2)
DA:1,3
DA:3,3
DA:4,3
DA:5,3
DA:7,3
DA:8,3
DA:10,3
DA:12,3
DA:16,16
DA:17,19
DA:18,19
DA:21,16
DA:22,22
DA:24,22
DA:28,22
DA:32,22
DA:34,9
DA:35,9
DA:38,8
DA:39,8
DA:42,3
DA:43,3
DA:46,2
DA:47,2
DA:50,0
DA:54,22
LF:26
LH:25
BRDA:33,0,0,9
BRDA:33,0,1,8
BRDA:33,0,2,3
BRDA:33,0,3,2
BRDA:33,0,4,0
BRF:5
BRH:4
end_of_record
TN:
SF:/Users/n-feng/Documents/nfeng-vue3-jsonschema-form/lib/context.ts
FN:6,useVJSFConext
FNF:1
FNH:1
FNDA:5,useVJSFConext
DA:1,3
DA:4,3
DA:8,5
DA:10,5
DA:11,0
DA:14,5
LF:6
LH:5
BRDA:10,0,0,0
BRDA:10,0,1,5
BRF:2
BRH:1
end_of_record
TN:
SF:/Users/n-feng/Documents/nfeng-vue3-jsonschema-form/lib/index.ts
FNF:0
FNH:0
DA:1,3
DA:2,3
DA:3,3
DA:4,3
DA:6,3
LF:5
LH:5
BRF:0
BRH:0
end_of_record
TN:
SF:/Users/n-feng/Documents/nfeng-vue3-jsonschema-form/lib/types.ts
FN:3,(anonymous_0)
FNF:1
FNH:1
FNDA:3,(anonymous_0)
DA:1,3
DA:3,3
DA:4,3
DA:5,3
DA:6,3
DA:7,3
DA:8,3
DA:9,3
DA:47,3
DA:65,3
LF:10
LH:10
BRDA:3,0,0,3
BRDA:3,0,1,3
BRF:2
BRH:2
end_of_record
TN:
SF:/Users/n-feng/Documents/nfeng-vue3-jsonschema-form/lib/utils.ts
FN:9,isObject
FN:13,isEmptyObject
FN:17,hasOwnProperty
FN:30,validateData
FN:40,resolveSchema
FN:49,(anonymous_5)
FN:59,retrieveSchema
FN:99,stubExistingAdditionalProperties
FN:110,(anonymous_8)
FN:138,resolveReference
FN:147,findSchemaDefinition
FN:166,resolveDependencies
FN:186,processDependencies
FN:228,withDependentProperties
FN:238,withDependentSchema
FN:259,(anonymous_15)
FN:273,withExactlyOneSubschema
FN:280,(anonymous_17)
FN:320,mergeSchemas
FN:322,(anonymous_19)
FN:346,getSchemaType
FN:363,(anonymous_21)
FN:395,guessType
FN:414,getMatchingOption
FN:433,(anonymous_24)
FNF:25
FNH:4
FNDA:28,isObject
FNDA:0,isEmptyObject
FNDA:57,hasOwnProperty
FNDA:0,validateData
FNDA:19,resolveSchema
FNDA:0,(anonymous_5)
FNDA:19,retrieveSchema
FNDA:0,stubExistingAdditionalProperties
FNDA:0,(anonymous_8)
FNDA:0,resolveReference
FNDA:0,findSchemaDefinition
FNDA:0,resolveDependencies
FNDA:0,processDependencies
FNDA:0,withDependentProperties
FNDA:0,withDependentSchema
FNDA:0,(anonymous_15)
FNDA:0,withExactlyOneSubschema
FNDA:0,(anonymous_17)
FNDA:0,mergeSchemas
FNDA:0,(anonymous_19)
FNDA:0,getSchemaType
FNDA:0,(anonymous_21)
FNDA:0,guessType
FNDA:0,getMatchingOption
FNDA:0,(anonymous_24)
DA:1,3
DA:5,3
DA:6,3
DA:7,3
DA:10,28
DA:14,0
DA:22,57
DA:29,3
DA:31,0
DA:32,0
DA:41,19
DA:42,0
DA:43,19
DA:44,0
DA:45,0
DA:46,19
DA:47,0
DA:50,0
DA:55,19
DA:64,19
DA:65,0
DA:67,19
DA:70,19
DA:71,0
DA:72,0
DA:78,0
DA:79,0
DA:80,0
DA:84,19
DA:86,19
DA:88,0
DA:94,19
DA:97,3
DA:105,0
DA:110,0
DA:111,0
DA:113,0
DA:117,0
DA:118,0
DA:123,0
DA:124,0
DA:126,0
DA:130,0
DA:132,0
DA:135,0
DA:140,0
DA:142,0
DA:144,0
DA:148,0
DA:149,0
DA:151,0
DA:153,0
DA:155,0
DA:156,0
DA:157,0
DA:159,0
DA:161,0
DA:163,0
DA:172,0
DA:173,0
DA:174,0
DA:178,0
DA:179,0
DA:184,0
DA:193,0
DA:195,0
DA:196,0
DA:199,0
DA:203,0
DA:206,0
DA:207,0
DA:208,0
DA:209,0
DA:210,0
DA:218,0
DA:225,0
DA:229,0
DA:230,0
DA:232,0
DA:235,0
DA:246,0
DA:251,0
DA:253,0
DA:254,0
DA:255,0
DA:256,0
DA:259,0
DA:260,0
DA:264,0
DA:280,0
DA:281,0
DA:282,0
DA:284,0
DA:285,0
DA:286,0
DA:293,0
DA:294,0
DA:297,0
DA:298,0
DA:301,0
DA:304,0
DA:306,0
DA:307,0
DA:308,0
DA:321,0
DA:322,0
DA:323,0
DA:324,0
DA:325,0
DA:326,0
DA:327,0
DA:337,0
DA:339,0
DA:341,0
DA:347,0
DA:349,0
DA:350,0
DA:353,0
DA:354,0
DA:357,0
DA:358,0
DA:361,0
DA:362,0
DA:363,0
DA:366,0
DA:395,3
DA:396,0
DA:397,0
DA:398,0
DA:399,0
DA:400,0
DA:401,0
DA:402,0
DA:403,0
DA:404,0
DA:405,0
DA:406,0
DA:407,0
DA:410,0
DA:419,0
DA:420,0
DA:429,0
DA:432,0
DA:433,0
DA:441,0
DA:443,0
DA:445,0
DA:446,0
DA:449,0
DA:452,0
DA:455,0
DA:457,0
DA:462,0
DA:464,0
DA:465,0
DA:467,0
DA:468,0
DA:471,0
LF:158
LH:19
BRDA:10,0,0,28
BRDA:10,0,1,28
BRDA:10,0,2,28
BRDA:14,1,0,0
BRDA:14,1,1,0
BRDA:40,2,0,0
BRDA:40,3,0,0
BRDA:41,4,0,0
BRDA:41,4,1,19
BRDA:43,5,0,0
BRDA:43,5,1,19
BRDA:46,6,0,0
BRDA:46,6,1,19
BRDA:46,7,0,19
BRDA:46,7,1,0
BRDA:61,8,0,0
BRDA:62,9,0,8
BRDA:64,10,0,0
BRDA:64,10,1,19
BRDA:70,11,0,0
BRDA:70,11,1,19
BRDA:84,12,0,19
BRDA:84,12,1,0
BRDA:86,13,0,0
BRDA:86,13,1,19
BRDA:101,14,0,0
BRDA:102,15,0,0
BRDA:111,16,0,0
BRDA:111,16,1,0
BRDA:117,17,0,0
BRDA:117,17,1,0
BRDA:123,18,0,0
BRDA:123,18,1,0
BRDA:147,19,0,0
BRDA:149,20,0,0
BRDA:149,20,1,0
BRDA:156,21,0,0
BRDA:156,21,1,0
BRDA:159,22,0,0
BRDA:159,22,1,0
BRDA:172,23,0,0
BRDA:173,24,0,0
BRDA:173,24,1,0
BRDA:178,25,0,0
BRDA:178,25,1,0
BRDA:195,26,0,0
BRDA:195,26,1,0
BRDA:199,27,0,0
BRDA:199,27,1,0
BRDA:200,28,0,0
BRDA:200,28,1,0
BRDA:207,29,0,0
BRDA:207,29,1,0
BRDA:209,30,0,0
BRDA:209,30,1,0
BRDA:229,31,0,0
BRDA:229,31,1,0
BRDA:233,32,0,0
BRDA:233,32,1,0
BRDA:253,33,0,0
BRDA:253,33,1,0
BRDA:255,34,0,0
BRDA:255,34,1,0
BRDA:261,35,0,0
BRDA:261,35,1,0
BRDA:281,36,0,0
BRDA:281,36,1,0
BRDA:285,37,0,0
BRDA:285,37,1,0
BRDA:294,38,0,0
BRDA:294,38,1,0
BRDA:297,39,0,0
BRDA:297,39,1,0
BRDA:323,40,0,0
BRDA:323,40,1,0
BRDA:325,41,0,0
BRDA:325,41,1,0
BRDA:325,42,0,0
BRDA:325,42,1,0
BRDA:325,42,2,0
BRDA:327,43,0,0
BRDA:327,43,1,0
BRDA:328,44,0,0
BRDA:328,44,1,0
BRDA:328,44,2,0
BRDA:328,44,3,0
BRDA:328,44,4,0
BRDA:328,44,5,0
BRDA:328,44,6,0
BRDA:349,45,0,0
BRDA:349,45,1,0
BRDA:349,46,0,0
BRDA:349,46,1,0
BRDA:353,47,0,0
BRDA:353,47,1,0
BRDA:353,48,0,0
BRDA:353,48,1,0
BRDA:357,49,0,0
BRDA:357,49,1,0
BRDA:357,50,0,0
BRDA:357,50,1,0
BRDA:357,50,2,0
BRDA:362,51,0,0
BRDA:362,51,1,0
BRDA:362,52,0,0
BRDA:362,52,1,0
BRDA:362,52,2,0
BRDA:396,53,0,0
BRDA:396,53,1,0
BRDA:398,54,0,0
BRDA:398,54,1,0
BRDA:400,55,0,0
BRDA:400,55,1,0
BRDA:402,56,0,0
BRDA:402,56,1,0
BRDA:404,57,0,0
BRDA:404,57,1,0
BRDA:406,58,0,0
BRDA:406,58,1,0
BRDA:429,59,0,0
BRDA:429,59,1,0
BRDA:441,60,0,0
BRDA:441,60,1,0
BRDA:445,61,0,0
BRDA:445,61,1,0
BRDA:464,62,0,0
BRDA:464,62,1,0
BRDA:467,63,0,0
BRDA:467,63,1,0
BRF:129
BRH:12
end_of_record
TN:
SF:/Users/n-feng/Documents/nfeng-vue3-jsonschema-form/lib/fields/ArrayField.tsx
FN:51,(anonymous_0)
FN:54,(anonymous_1)
FN:55,(anonymous_2)
FN:56,(anonymous_3)
FN:57,(anonymous_4)
FN:59,(anonymous_5)
FN:87,(anonymous_6)
FN:90,(anonymous_7)
FN:98,(anonymous_8)
FN:106,(anonymous_9)
FN:114,(anonymous_10)
FN:125,(anonymous_11)
FN:137,(anonymous_12)
FN:149,(anonymous_13)
FN:155,(anonymous_14)
FN:161,(anonymous_15)
FN:162,(anonymous_16)
FN:175,(anonymous_17)
FNF:18
FNH:7
FNDA:2,(anonymous_0)
FNDA:0,(anonymous_1)
FNDA:0,(anonymous_2)
FNDA:0,(anonymous_3)
FNDA:0,(anonymous_4)
FNDA:2,(anonymous_5)
FNDA:2,(anonymous_6)
FNDA:0,(anonymous_7)
FNDA:0,(anonymous_8)
FNDA:0,(anonymous_9)
FNDA:0,(anonymous_10)
FNDA:0,(anonymous_11)
FNDA:2,(anonymous_12)
FNDA:2,(anonymous_13)
FNDA:0,(anonymous_14)
FNDA:2,(anonymous_15)
FNDA:2,(anonymous_16)
FNDA:0,(anonymous_17)
DA:1,3
DA:2,3
DA:4,3
DA:6,3
DA:8,3
DA:27,3
DA:52,2
DA:54,2
DA:55,2
DA:56,2
DA:57,2
DA:59,2
DA:60,2
DA:61,2
DA:84,3
DA:88,2
DA:90,2
DA:91,0
DA:92,0
DA:94,0
DA:95,0
DA:98,2
DA:99,0
DA:100,0
DA:102,0
DA:103,0
DA:106,2
DA:107,0
DA:108,0
DA:110,0
DA:111,0
DA:114,2
DA:115,0
DA:116,0
DA:117,0
DA:119,0
DA:120,0
DA:122,0
DA:125,2
DA:126,0
DA:127,0
DA:129,0
DA:131,0
DA:132,0
DA:134,0
DA:137,2
DA:138,2
DA:140,2
DA:142,2
DA:143,2
DA:144,2
DA:146,2
DA:147,1
DA:148,1
DA:149,2
DA:155,0
DA:158,1
DA:159,1
DA:161,1
DA:162,4
DA:175,0
DA:182,0
LF:62
LH:35
BRDA:77,0,0,2
BRDA:77,0,1,2
BRDA:92,1,0,0
BRDA:92,1,1,0
BRDA:100,2,0,0
BRDA:100,2,1,0
BRDA:108,3,0,0
BRDA:108,3,1,0
BRDA:115,4,0,0
BRDA:115,4,1,0
BRDA:117,5,0,0
BRDA:117,5,1,0
BRDA:127,6,0,0
BRDA:127,6,1,0
BRDA:129,7,0,0
BRDA:129,7,1,0
BRDA:143,8,0,2
BRDA:143,8,1,2
BRDA:146,9,0,1
BRDA:146,9,1,1
BRDA:148,10,0,1
BRDA:148,10,1,0
BRDA:158,11,0,1
BRDA:158,11,1,0
BRDA:159,12,0,1
BRDA:159,12,1,0
BRF:26
BRH:9
end_of_record
TN:
SF:/Users/n-feng/Documents/nfeng-vue3-jsonschema-form/lib/fields/NumberField.tsx
FN:7,(anonymous_0)
FN:8,(anonymous_1)
FN:19,(anonymous_2)
FNF:3
FNH:3
FNDA:5,(anonymous_0)
FNDA:1,(anonymous_1)
FNDA:8,(anonymous_2)
DA:1,3
DA:2,3
DA:4,3
DA:8,5
DA:9,1
DA:11,1
DA:13,1
DA:14,0
DA:16,1
DA:19,8
LF:10
LH:9
BRDA:13,0,0,0
BRDA:13,0,1,1
BRF:2
BRH:1
end_of_record
TN:
SF:/Users/n-feng/Documents/nfeng-vue3-jsonschema-form/lib/fields/ObjectField.tsx
FN:26,(anonymous_0)
FN:29,(anonymous_1)
FN:41,(anonymous_2)
FN:50,(anonymous_3)
FN:56,(anonymous_4)
FNF:5
FNH:5
FNDA:3,(anonymous_0)
FNDA:3,(anonymous_1)
FNDA:6,(anonymous_2)
FNDA:12,(anonymous_3)
FNDA:3,(anonymous_4)
DA:1,3
DA:3,3
DA:4,3
DA:5,3
DA:11,3
DA:23,3
DA:27,3
DA:29,3
DA:30,3
DA:32,3
DA:33,1
DA:35,2
DA:38,3
DA:41,3
DA:42,6
DA:44,6
DA:46,6
DA:48,6
DA:50,12
DA:56,3
LF:20
LH:20
BRDA:30,0,0,3
BRDA:30,0,1,0
BRDA:32,1,0,1
BRDA:32,1,1,2
BRDA:46,2,0,6
BRDA:46,2,1,0
BRDA:48,3,0,6
BRDA:48,3,1,0
BRF:8
BRH:5
end_of_record
TN:
SF:/Users/n-feng/Documents/nfeng-vue3-jsonschema-form/lib/fields/StringField.tsx
FN:7,(anonymous_0)
FN:8,(anonymous_1)
FN:12,(anonymous_2)
FNF:3
FNH:2
FNDA:6,(anonymous_0)
FNDA:0,(anonymous_1)
FNDA:9,(anonymous_2)
DA:1,3
DA:2,3
DA:4,3
DA:8,6
DA:9,0
DA:10,0
DA:12,9
LF:7
LH:5
BRF:0
BRH:0
end_of_record
